2024-03-19 11:03:24,318 [INFO] Activator:176 - 


2024-03-19 11:03:24,330 [INFO] Activator:177 - !SESSION log4j initialized
2024-03-19 11:03:33,070 [INFO] LogOutputStream:77 - [STDOUT_REDIRECT] 
2024-03-19 11:03:38,809 [INFO] ApplicationProperties:184 - Using Application install path: C:\ST\STM32CubeIDE_1.14.1\STM32CubeIDE\plugins\com.st.stm32cube.common.mx_6.10.0.202311202037
2024-03-19 11:03:38,842 [INFO] DbMcusXml:78 - Set database path to: C:\ST\STM32CubeIDE_1.14.1\STM32CubeIDE\plugins\com.st.stm32cube.common.mx_6.10.0.202311202037\\db\/mcu/
2024-03-19 11:03:38,843 [INFO] ApiDb:274 - Set plugin database path to: C:\ST\STM32CubeIDE_1.14.1\STM32CubeIDE\plugins\com.st.stm32cube.common.mx_6.10.0.202311202037\\db\/plugins/boardmanager/
2024-03-19 11:03:38,843 [WARN] ApiDb:259 - Overriding images path with different value:  => C:\ST\STM32CubeIDE_1.14.1\STM32CubeIDE\plugins\com.st.stm32cube.common.mx_6.10.0.202311202037\\db\/plugins/mcufinder/images/
2024-03-19 11:03:38,855 [INFO] ApiDb:250 - Set database path to: C:\Users\A\.stmcufinder\plugins\mcufinder//mcu/
2024-03-19 11:03:38,858 [INFO] DbMcusAds:125 - Set database path to: C:\Users\A\.stmcufinder\plugins\mcufinder//mcu/
2024-03-19 11:03:38,861 [INFO] CrossReferenceDbSqlite:203 - Set database path to: C:\Users\A\.stmcufinder\plugins\mcufinder//mcu/cs/
2024-03-19 11:03:39,088 [INFO] RulesReader:64 - Compatibility file has been processed (297 Rules)
2024-03-19 11:03:39,367 [INFO] DbMcusXml:78 - Set database path to: C:\ST\STM32CubeIDE_1.14.1\STM32CubeIDE\plugins\com.st.stm32cube.common.mx_6.10.0.202311202037\\db\/mcu/
2024-03-19 11:03:39,367 [INFO] ApiDb:274 - Set plugin database path to: C:\ST\STM32CubeIDE_1.14.1\STM32CubeIDE\plugins\com.st.stm32cube.common.mx_6.10.0.202311202037\\db\/plugins/boardmanager/
2024-03-19 11:03:39,367 [INFO] ApiDb:261 - Set plugin images path to: C:\ST\STM32CubeIDE_1.14.1\STM32CubeIDE\plugins\com.st.stm32cube.common.mx_6.10.0.202311202037\\db\/plugins/mcufinder/images/
2024-03-19 11:03:39,368 [WARN] DbFile:41 - Overriding database path with different value: C:\Users\A\.stmcufinder\plugins\mcufinder/ => C:\Users\A\.stmcufinder\plugins\mcufinder
2024-03-19 11:03:39,368 [INFO] ApiDb:250 - Set database path to: C:\Users\A\.stmcufinder\plugins\mcufinder//mcu/
2024-03-19 11:03:39,368 [WARN] DbFile:41 - Overriding database path with different value: C:\Users\A\.stmcufinder\plugins\mcufinder/ => C:\Users\A\.stmcufinder\plugins\mcufinder
2024-03-19 11:03:39,368 [INFO] DbMcusAds:125 - Set database path to: C:\Users\A\.stmcufinder\plugins\mcufinder//mcu/
2024-03-19 11:03:39,368 [WARN] DbFile:41 - Overriding database path with different value: C:\Users\A\.stmcufinder\plugins\mcufinder/ => C:\Users\A\.stmcufinder\plugins\mcufinder
2024-03-19 11:03:39,369 [WARN] DbFile:41 - Overriding database path with different value: C:\Users\A\.stmcufinder\plugins\mcufinder/ => C:\Users\A\.stmcufinder\plugins\mcufinder
2024-03-19 11:03:39,369 [INFO] CrossReferenceDbSqlite:203 - Set database path to: C:\Users\A\.stmcufinder\plugins\mcufinder//mcu/cs/
2024-03-19 11:03:39,514 [INFO] MainPanel:264 - HeapMemory: 268435456
2024-03-19 11:03:39,638 [INFO] DbMcusXml:78 - Set database path to: C:\ST\STM32CubeIDE_1.14.1\STM32CubeIDE\plugins\com.st.stm32cube.common.mx_6.10.0.202311202037\\db\/mcu/
2024-03-19 11:03:39,639 [INFO] ApiDb:274 - Set plugin database path to: C:\ST\STM32CubeIDE_1.14.1\STM32CubeIDE\plugins\com.st.stm32cube.common.mx_6.10.0.202311202037\\db\/plugins/boardmanager/
2024-03-19 11:03:39,639 [INFO] ApiDb:261 - Set plugin images path to: C:\ST\STM32CubeIDE_1.14.1\STM32CubeIDE\plugins\com.st.stm32cube.common.mx_6.10.0.202311202037\\db\/plugins/mcufinder/images/
2024-03-19 11:03:39,639 [WARN] DbFile:41 - Overriding database path with different value: C:\Users\A\.stmcufinder\plugins\mcufinder/ => C:\Users\A\.stmcufinder\plugins\mcufinder
2024-03-19 11:03:39,639 [INFO] ApiDb:250 - Set database path to: C:\Users\A\.stmcufinder\plugins\mcufinder//mcu/
2024-03-19 11:03:39,639 [WARN] DbFile:41 - Overriding database path with different value: C:\Users\A\.stmcufinder\plugins\mcufinder/ => C:\Users\A\.stmcufinder\plugins\mcufinder
2024-03-19 11:03:39,640 [INFO] DbMcusAds:125 - Set database path to: C:\Users\A\.stmcufinder\plugins\mcufinder//mcu/
2024-03-19 11:03:39,640 [WARN] DbFile:41 - Overriding database path with different value: C:\Users\A\.stmcufinder\plugins\mcufinder/ => C:\Users\A\.stmcufinder\plugins\mcufinder
2024-03-19 11:03:39,640 [WARN] DbFile:41 - Overriding database path with different value: C:\Users\A\.stmcufinder\plugins\mcufinder/ => C:\Users\A\.stmcufinder\plugins\mcufinder
2024-03-19 11:03:39,640 [INFO] CrossReferenceDbSqlite:203 - Set database path to: C:\Users\A\.stmcufinder\plugins\mcufinder//mcu/cs/
2024-03-19 11:03:39,664 [INFO] ApplicationProperties:184 - Using Application install path: C:\ST\STM32CubeIDE_1.14.1\STM32CubeIDE\plugins\com.st.stm32cube.common.mx_6.10.0.202311202037
2024-03-19 11:03:39,666 [INFO] PluginManage:196 - Search for loadable plugins [exclusion list=, ]
2024-03-19 11:03:39,669 [INFO] PluginManage:310 - Check plugin analytics
2024-03-19 11:03:44,651 [INFO] AnalyticsPlugin:253 - Accepted Software Licenses: 
2024-03-19 11:03:44,651 [INFO] AnalyticsPlugin:255 - Accepted CMSIS Pack Licenses: 
2024-03-19 11:03:44,652 [INFO] AnalyticsPlugin:257 - Accepted Firmware Licenses: 
2024-03-19 11:03:44,655 [INFO] PluginManage:359 - Loaded plugin analytics (category:tool,tabindex:-1)
2024-03-19 11:03:44,655 [INFO] PluginManage:310 - Check plugin cadmodel
2024-03-19 11:03:44,664 [INFO] CADModel:105 - Init CAD model plugin
2024-03-19 11:03:44,664 [INFO] PluginManage:359 - Loaded plugin cadmodel (category:power,tabindex:5)
2024-03-19 11:03:44,664 [INFO] PluginManage:310 - Check plugin clock
2024-03-19 11:03:44,685 [INFO] PluginManage:359 - Loaded plugin clock (category:base,tabindex:2)
2024-03-19 11:03:44,685 [INFO] PluginManage:310 - Check plugin ddr
2024-03-19 11:03:44,693 [INFO] PluginManage:359 - Loaded plugin ddr (category:tool,tabindex:6)
2024-03-19 11:03:44,693 [INFO] PluginManage:310 - Check plugin filemanager
2024-03-19 11:03:45,189 [INFO] PluginManage:359 - Loaded plugin filemanager (category:base,tabindex:10)
2024-03-19 11:03:45,190 [INFO] PluginManage:310 - Check plugin ipmanager
2024-03-19 11:03:45,206 [INFO] PluginManage:359 - Loaded plugin ipmanager (category:base,tabindex:5)
2024-03-19 11:03:45,206 [INFO] PluginManage:310 - Check plugin lpbam
2024-03-19 11:03:45,223 [INFO] PluginManage:359 - Loaded plugin lpbam (category:base,tabindex:0)
2024-03-19 11:03:45,223 [INFO] PluginManage:310 - Check plugin memorymap
2024-03-19 11:03:45,250 [INFO] PluginManage:359 - Loaded plugin memorymap (category:base,tabindex:4)
2024-03-19 11:03:45,251 [INFO] PluginManage:310 - Check plugin pinoutandconfiguration
2024-03-19 11:03:45,262 [INFO] PluginManage:359 - Loaded plugin pinoutandconfiguration (category:base,tabindex:1)
2024-03-19 11:03:45,262 [INFO] PluginManage:310 - Check plugin pinoutconfig
2024-03-19 11:03:45,479 [WARN] SupportedApi:132 - Cannot load RTOS API schema: s4s-elt-must-match.1: The content of 'definitions' must match (annotation?, (simpleType | complexType)?, (unique | key | keyref)*)). A problem was found starting at: attribute.
2024-03-19 11:03:45,871 [INFO] PluginManage:359 - Loaded plugin pinoutconfig (category:base,tabindex:0)
2024-03-19 11:03:45,871 [INFO] PluginManage:310 - Check plugin power
2024-03-19 11:03:45,913 [INFO] PluginManage:359 - Loaded plugin power (category:power,tabindex:4)
2024-03-19 11:03:45,913 [INFO] PluginManage:310 - Check plugin projectmanager
2024-03-19 11:03:45,967 [INFO] PluginManage:359 - Loaded plugin projectmanager (category:projectmanager,tabindex:3)
2024-03-19 11:03:45,967 [INFO] PluginManage:310 - Check plugin thirdparty
2024-03-19 11:03:46,392 [INFO] PluginManage:359 - Loaded plugin thirdparty (category:base,tabindex:-1)
2024-03-19 11:03:46,393 [INFO] PluginManage:310 - Check plugin tools
2024-03-19 11:03:46,400 [INFO] PluginManage:359 - Loaded plugin tools (category:base,tabindex:7)
2024-03-19 11:03:46,401 [INFO] PluginManage:310 - Check plugin tutovideos
2024-03-19 11:03:46,476 [WARN] IntegrityCheckThread:84 - waiting for thirdparty lock release [integrity check]
2024-03-19 11:03:46,484 [INFO] IntegrityCheckThread:86 - entering critical section [integrity check]
2024-03-19 11:03:46,485 [INFO] ThirdPartyUpdaterWithRetryManager:70 - Updater plugin not ready yet. [1/15]
2024-03-19 11:03:46,886 [INFO] PluginManage:359 - Loaded plugin tutovideos (category:base,tabindex:-1)
2024-03-19 11:03:46,886 [INFO] PluginManage:310 - Check plugin updater
2024-03-19 11:03:46,909 [INFO] PluginManage:359 - Loaded plugin updater (category:base,tabindex:12)
2024-03-19 11:03:46,910 [INFO] PluginManage:310 - Check plugin userauth
2024-03-19 11:03:46,919 [INFO] UserAuth:114 - Init User Auth plugin
2024-03-19 11:03:46,919 [INFO] PluginManage:359 - Loaded plugin userauth (category:base,tabindex:14)
2024-03-19 11:03:46,920 [INFO] PluginManage:283 - PluginManage : Loaded plugins [17]
2024-03-19 11:03:47,570 [INFO] PinOutPanel:1499 - setPackage(No Configuration,No Configuration)
2024-03-19 11:03:47,796 [INFO] CADModel:165 - CPN selected for project level
2024-03-19 11:03:47,796 [INFO] CADModel:114 - Register for checkConnection events
2024-03-19 11:03:47,834 [INFO] IPUIPlugin:80 - create IPUIPlugin
2024-03-19 11:03:47,834 [INFO] PluginManager:220 - loadIPPluginJar : add adc
2024-03-19 11:03:47,840 [INFO] IPUIPlugin:80 - create IPUIPlugin
2024-03-19 11:03:47,840 [INFO] PluginManager:220 - loadIPPluginJar : add aes
2024-03-19 11:03:47,845 [INFO] IPUIPlugin:80 - create IPUIPlugin
2024-03-19 11:03:47,845 [INFO] PluginManager:220 - loadIPPluginJar : add can
2024-03-19 11:03:47,849 [INFO] IPUIPlugin:80 - create IPUIPlugin
2024-03-19 11:03:47,849 [INFO] PluginManager:220 - loadIPPluginJar : add comp
2024-03-19 11:03:47,854 [INFO] IPUIPlugin:80 - create IPUIPlugin
2024-03-19 11:03:47,854 [INFO] PluginManager:220 - loadIPPluginJar : add cryp
2024-03-19 11:03:47,877 [INFO] IPUIPlugin:80 - create IPUIPlugin
2024-03-19 11:03:47,878 [INFO] PluginManager:220 - loadIPPluginJar : add dfsdm
2024-03-19 11:03:47,889 [INFO] IPUIPlugin:80 - create IPUIPlugin
2024-03-19 11:03:47,890 [INFO] PluginManager:220 - loadIPPluginJar : add dma
2024-03-19 11:03:47,895 [INFO] IPUIPlugin:80 - create IPUIPlugin
2024-03-19 11:03:47,895 [INFO] PluginManager:220 - loadIPPluginJar : add dma3
2024-03-19 11:03:47,898 [INFO] IPUIPlugin:80 - create IPUIPlugin
2024-03-19 11:03:47,898 [INFO] PluginManager:220 - loadIPPluginJar : add fatfs
2024-03-19 11:03:47,906 [INFO] IPUIPlugin:80 - create IPUIPlugin
2024-03-19 11:03:47,907 [INFO] PluginManager:220 - loadIPPluginJar : add fmc
2024-03-19 11:03:47,916 [INFO] IPUIPlugin:80 - create IPUIPlugin
2024-03-19 11:03:47,917 [INFO] PluginManager:220 - loadIPPluginJar : add freertos
2024-03-19 11:03:47,919 [INFO] IPUIPlugin:80 - create IPUIPlugin
2024-03-19 11:03:47,919 [INFO] PluginManager:220 - loadIPPluginJar : add genericplugin
2024-03-19 11:03:47,924 [INFO] IPUIPlugin:80 - create IPUIPlugin
2024-03-19 11:03:47,924 [INFO] PluginManager:220 - loadIPPluginJar : add gfxmmu
2024-03-19 11:03:47,933 [INFO] IPUIPlugin:80 - create IPUIPlugin
2024-03-19 11:03:47,933 [INFO] PluginManager:220 - loadIPPluginJar : add gic
2024-03-19 11:03:47,941 [INFO] IPUIPlugin:80 - create IPUIPlugin
2024-03-19 11:03:47,942 [INFO] PluginManager:220 - loadIPPluginJar : add gpio
2024-03-19 11:03:47,960 [INFO] IPUIPlugin:80 - create IPUIPlugin
2024-03-19 11:03:47,960 [INFO] PluginManager:220 - loadIPPluginJar : add gtzc
2024-03-19 11:03:47,972 [INFO] IPUIPlugin:80 - create IPUIPlugin
2024-03-19 11:03:47,972 [INFO] PluginManager:220 - loadIPPluginJar : add hash
2024-03-19 11:03:47,977 [INFO] IPUIPlugin:80 - create IPUIPlugin
2024-03-19 11:03:47,977 [INFO] PluginManager:220 - loadIPPluginJar : add i2c
2024-03-19 11:03:48,009 [INFO] IPUIPlugin:80 - create IPUIPlugin
2024-03-19 11:03:48,009 [INFO] PluginManager:220 - loadIPPluginJar : add i2s
2024-03-19 11:03:48,017 [INFO] IPUIPlugin:80 - create IPUIPlugin
2024-03-19 11:03:48,018 [INFO] PluginManager:220 - loadIPPluginJar : add i3c
2024-03-19 11:03:48,037 [INFO] IPUIPlugin:80 - create IPUIPlugin
2024-03-19 11:03:48,037 [INFO] PluginManager:220 - loadIPPluginJar : add ipddr
2024-03-19 11:03:48,179 [INFO] IPUIPlugin:80 - create IPUIPlugin
2024-03-19 11:03:48,180 [INFO] PluginManager:220 - loadIPPluginJar : add linkedlist
2024-03-19 11:03:48,186 [INFO] IPUIPlugin:80 - create IPUIPlugin
2024-03-19 11:03:48,186 [INFO] PluginManager:220 - loadIPPluginJar : add lorawan
2024-03-19 11:03:48,191 [INFO] IPUIPlugin:80 - create IPUIPlugin
2024-03-19 11:03:48,191 [INFO] PluginManager:220 - loadIPPluginJar : add ltdc
2024-03-19 11:03:48,202 [INFO] IPUIPlugin:80 - create IPUIPlugin
2024-03-19 11:03:48,203 [INFO] PluginManager:220 - loadIPPluginJar : add mdma
2024-03-19 11:03:48,209 [INFO] IPUIPlugin:80 - create IPUIPlugin
2024-03-19 11:03:48,210 [INFO] PluginManager:220 - loadIPPluginJar : add nvic
2024-03-19 11:03:48,216 [INFO] IPUIPlugin:80 - create IPUIPlugin
2024-03-19 11:03:48,216 [INFO] PluginManager:220 - loadIPPluginJar : add opamp
2024-03-19 11:03:48,223 [INFO] IPUIPlugin:80 - create IPUIPlugin
2024-03-19 11:03:48,223 [INFO] PluginManager:220 - loadIPPluginJar : add openamp
2024-03-19 11:03:48,229 [INFO] IPUIPlugin:80 - create IPUIPlugin
2024-03-19 11:03:48,229 [INFO] PluginManager:220 - loadIPPluginJar : add pdm2pcm
2024-03-19 11:03:48,241 [INFO] IPUIPlugin:80 - create IPUIPlugin
2024-03-19 11:03:48,246 [INFO] PluginManager:220 - loadIPPluginJar : add plateformsettings
2024-03-19 11:03:48,250 [INFO] IPUIPlugin:80 - create IPUIPlugin
2024-03-19 11:03:48,250 [INFO] PluginManager:220 - loadIPPluginJar : add quadspi
2024-03-19 11:03:48,256 [INFO] IPUIPlugin:80 - create IPUIPlugin
2024-03-19 11:03:48,256 [INFO] PluginManager:220 - loadIPPluginJar : add resmgrutility
2024-03-19 11:03:48,267 [INFO] IPUIPlugin:80 - create IPUIPlugin
2024-03-19 11:03:48,268 [INFO] PluginManager:220 - loadIPPluginJar : add sai
2024-03-19 11:03:48,272 [INFO] IPUIPlugin:80 - create IPUIPlugin
2024-03-19 11:03:48,272 [INFO] PluginManager:220 - loadIPPluginJar : add spi
2024-03-19 11:03:48,310 [INFO] IPUIPlugin:80 - create IPUIPlugin
2024-03-19 11:03:48,311 [INFO] PluginManager:220 - loadIPPluginJar : add stm32_wpan
2024-03-19 11:03:48,335 [INFO] IPUIPlugin:80 - create IPUIPlugin
2024-03-19 11:03:48,336 [INFO] PluginManager:220 - loadIPPluginJar : add tim
2024-03-19 11:03:48,401 [INFO] IPUIPlugin:80 - create IPUIPlugin
2024-03-19 11:03:48,401 [INFO] PluginManager:220 - loadIPPluginJar : add touchsensing
2024-03-19 11:03:48,406 [INFO] IPUIPlugin:80 - create IPUIPlugin
2024-03-19 11:03:48,406 [INFO] PluginManager:220 - loadIPPluginJar : add tracer_emb
2024-03-19 11:03:48,410 [INFO] IPUIPlugin:80 - create IPUIPlugin
2024-03-19 11:03:48,410 [INFO] PluginManager:220 - loadIPPluginJar : add ts
2024-03-19 11:03:48,412 [INFO] IPUIPlugin:80 - create IPUIPlugin
2024-03-19 11:03:48,413 [INFO] PluginManager:220 - loadIPPluginJar : add tsc
2024-03-19 11:03:48,416 [INFO] IPUIPlugin:80 - create IPUIPlugin
2024-03-19 11:03:48,416 [INFO] PluginManager:220 - loadIPPluginJar : add ucpd
2024-03-19 11:03:48,423 [INFO] IPUIPlugin:80 - create IPUIPlugin
2024-03-19 11:03:48,440 [INFO] PluginManager:220 - loadIPPluginJar : add usart
2024-03-19 11:03:48,452 [INFO] IPUIPlugin:80 - create IPUIPlugin
2024-03-19 11:03:48,452 [INFO] PluginManager:220 - loadIPPluginJar : add usbx
2024-03-19 11:03:48,892 [INFO] CADModel:165 - CPN selected for project level
2024-03-19 11:03:48,893 [INFO] CADModel:114 - Register for checkConnection events
2024-03-19 11:03:48,894 [FATAL] Updater:308 - Updater called before beeing initialized
2024-03-19 11:03:48,894 [ERROR] CADModel:125 - Updater not yet initialized, retry later 
2024-03-19 11:03:49,189 [INFO] CADModel:165 - CPN selected for project level
2024-03-19 11:03:49,189 [INFO] CADModel:114 - Register for checkConnection events
2024-03-19 11:03:49,190 [FATAL] Updater:308 - Updater called before beeing initialized
2024-03-19 11:03:49,190 [ERROR] CADModel:125 - Updater not yet initialized, retry later 
2024-03-19 11:03:49,195 [FATAL] Updater:308 - Updater called before beeing initialized
2024-03-19 11:03:49,424 [FATAL] Updater:308 - Updater called before beeing initialized
2024-03-19 11:03:49,431 [INFO] DbMcusAds:53 - JSON generation date=Wed Nov 29 11:52:27 CET 2023 (1701255147349)
2024-03-19 11:03:49,432 [FATAL] Updater:308 - Updater called before beeing initialized
2024-03-19 11:03:49,486 [INFO] ThirdPartyUpdaterWithRetryManager:70 - Updater plugin not ready yet. [2/15]
2024-03-19 11:03:49,498 [WARN] DetailPanel:346 - Failed to get advertising image, set to default
2024-03-19 11:03:49,672 [FATAL] Updater:308 - Updater called before beeing initialized
2024-03-19 11:03:49,675 [FATAL] Updater:308 - Updater called before beeing initialized
2024-03-19 11:03:49,675 [FATAL] Updater:308 - Updater called before beeing initialized
2024-03-19 11:03:49,675 [WARN] DetailPanel:346 - Failed to get advertising image, set to default
2024-03-19 11:03:49,676 [FATAL] Updater:308 - Updater called before beeing initialized
2024-03-19 11:03:49,750 [ERROR] Updater:1120 - MainUpdater not yet initialized. External WinMGr cannot be set.
2024-03-19 11:03:49,753 [INFO] Updater:1056 - Updater Version found : 6.10.0
2024-03-19 11:03:49,774 [INFO] ApplicationProperties:184 - Using Application install path: C:\ST\STM32CubeIDE_1.14.1\STM32CubeIDE\plugins\com.st.stm32cube.common.mx_6.10.0.202311202037
2024-03-19 11:03:51,353 [ERROR] LogOutputStream:75 - [STDERR_REDIRECT] Mar 19, 2024 11:03:51 AM java.util.prefs.WindowsPreferences <init>
2024-03-19 11:03:51,356 [ERROR] LogOutputStream:75 - [STDERR_REDIRECT] WARNING: Could not open/create prefs root node Software\JavaSoft\Prefs at root 0xffffffff80000002. Windows RegCreateKeyEx(...) returned error code 5.
2024-03-19 11:03:51,356 [ERROR] LogOutputStream:75 - [STDERR_REDIRECT] 
2024-03-19 11:03:52,178 [INFO] MainUpdater:2873 - connection check result : 10
2024-03-19 11:03:52,179 [INFO] MainUpdater:290 - Updater Check For Update Now.
2024-03-19 11:03:52,180 [INFO] MicroXplorer:498 - Change Database Version : DB.6.0.100
2024-03-19 11:03:52,194 [INFO] McuFinderGlobals:63 - Set McuFinder mode to 2 (CubeIDE integrated)
2024-03-19 11:03:52,194 [INFO] UserAuth:180 - activating auth plugin
2024-03-19 11:03:52,212 [INFO] UserAuth:404 - Internet connection configuration mode: 1
2024-03-19 11:03:52,264 [INFO] JxBrowserEngine:152 - Initiate JxBrowser Engine with user profile folder
2024-03-19 11:03:52,487 [WARN] MainUpdater:1194 - Updater busy. Cannot search thirdparties
2024-03-19 11:03:52,488 [INFO] ThirdPartyUpdaterWithRetryManager:96 - Updater plugin is busy. [1/15]
2024-03-19 11:03:52,625 [INFO] CheckServerUpdateThread:120 - End of CheckServer Thread
2024-03-19 11:03:53,495 [INFO] WebApp:161 - Instantiating new browser for Auth
2024-03-19 11:03:54,357 [INFO] WebApp:780 - Register for checkConnection events
2024-03-19 11:03:54,358 [INFO] WebApp:414 - Apply proxy settings
2024-03-19 11:03:54,358 [INFO] WebApp:499 - Chromium requires no authentication
2024-03-19 11:03:54,370 [INFO] WebApp:442 - Direct internet connection detected
2024-03-19 11:03:54,583 [INFO] WebApp:192 - Starting web application
2024-03-19 11:03:54,583 [INFO] WebApp:544 - Web application path used C:\ST\STM32CubeIDE_1.14.1\STM32CubeIDE\plugins\com.st.stm32cube.common.mx_6.10.0.202311202037\db\plugins\mcufinder\reactClient1\index.html
2024-03-19 11:03:55,765 [WARN] PackLoader:240 - Cannot read IP mode file for STMicroelectronics.X-CUBE-SMBUS.2.1.0
2024-03-19 11:03:55,777 [WARN] PackLoader:240 - Cannot read IP mode file for STMicroelectronics.X-CUBE-TOUCHGFX.4.23.0
2024-03-19 11:03:55,787 [WARN] PackLoader:240 - Cannot read IP mode file for STMicroelectronics.X-CUBE-AI.7.1.0
2024-03-19 11:03:55,799 [WARN] PackLoader:240 - Cannot read IP mode file for STMicroelectronics.FP-SNS-MOTENV1.4.3.2
2024-03-19 11:03:55,835 [WARN] PackLoader:240 - Cannot read IP mode file for STMicroelectronics.X-CUBE-BLE1.6.2.4
2024-03-19 11:03:55,843 [WARN] PackLoader:240 - Cannot read IP mode file for STMicroelectronics.X-CUBE-BLE1.6.2.2
2024-03-19 11:03:55,851 [WARN] PackLoader:240 - Cannot read IP mode file for STMicroelectronics.FP-SNS-FLIGHT1.5.0.2
2024-03-19 11:03:55,861 [WARN] PackLoader:240 - Cannot read IP mode file for STMicroelectronics.X-CUBE-BLE2.3.2.2
2024-03-19 11:03:55,882 [WARN] PackLoader:240 - Cannot read IP mode file for STMicroelectronics.X-CUBE-DISPLAY.3.0.0
2024-03-19 11:03:55,897 [WARN] PackLoader:240 - Cannot read IP mode file for STMicroelectronics.X-CUBE-BLE1.7.0.0
2024-03-19 11:03:55,903 [WARN] PackLoader:240 - Cannot read IP mode file for STMicroelectronics.X-CUBE-TOUCHGFX.4.22.1
2024-03-19 11:03:55,924 [WARN] PackLoader:240 - Cannot read IP mode file for STMicroelectronics.X-CUBE-SUBG2.4.2.0
2024-03-19 11:03:55,952 [WARN] PackLoader:240 - Cannot read IP mode file for STMicroelectronics.X-CUBE-BLEMGR.3.1.0
2024-03-19 11:03:55,966 [WARN] PackLoader:240 - Cannot read IP mode file for STMicroelectronics.FP-SNS-SMARTAG2.1.2.0
2024-03-19 11:03:55,987 [INFO] LogOutputStream:77 - [STDOUT_REDIRECT] 1 : Invalid condition id : UX_CORESTACK_Condition cause : null
2024-03-19 11:03:55,988 [INFO] LogOutputStream:77 - [STDOUT_REDIRECT] 1 : Invalid condition id : UX_CORESTACK_Condition cause : null
2024-03-19 11:03:55,990 [INFO] LogOutputStream:77 - [STDOUT_REDIRECT] 1 : Invalid condition id : UX_CORESTACK_Condition cause : null
2024-03-19 11:03:55,992 [INFO] LogOutputStream:77 - [STDOUT_REDIRECT] 1 : Invalid condition id : UX_CORESTACK_Condition cause : null
2024-03-19 11:03:55,994 [INFO] LogOutputStream:77 - [STDOUT_REDIRECT] 1 : Invalid condition id : UX_CORESTACK_Condition cause : null
2024-03-19 11:03:56,001 [WARN] PackLoader:240 - Cannot read IP mode file for STMicroelectronics.X-CUBE-AZRTOS-WL.2.0.0
2024-03-19 11:03:56,016 [WARN] PackLoader:240 - Cannot read IP mode file for STMicroelectronics.X-CUBE-ALGOBUILD.1.2.1
2024-03-19 11:03:56,029 [WARN] PackLoader:240 - Cannot read IP mode file for WES.I-CUBE-Cesium.1.3.0
2024-03-19 11:03:56,038 [WARN] PackLoader:240 - Cannot read IP mode file for STMicroelectronics.X-CUBE-DISPLAY.2.2.0
2024-03-19 11:03:56,061 [WARN] PackLoader:240 - Cannot read IP mode file for STMicroelectronics.X-CUBE-TOF1.3.2.0
2024-03-19 11:03:56,077 [WARN] PackLoader:240 - Cannot read IP mode file for STMicroelectronics.X-CUBE-TOUCHGFX.4.18.1
2024-03-19 11:03:56,082 [WARN] PackLoader:240 - Cannot read IP mode file for STMicroelectronics.X-CUBE-TOUCHGFX.4.21.0
2024-03-19 11:03:56,087 [WARN] PackLoader:240 - Cannot read IP mode file for STMicroelectronics.X-CUBE-TOUCHGFX.4.21.3
2024-03-19 11:03:56,177 [WARN] PackLoader:240 - Cannot read IP mode file for STMicroelectronics.X-CUBE-MEMS1.9.4.0
2024-03-19 11:03:56,373 [WARN] PackLoader:240 - Cannot read IP mode file for STMicroelectronics.X-CUBE-AI.7.3.0
2024-03-19 11:03:56,381 [WARN] PackLoader:240 - Cannot read IP mode file for STMicroelectronics.X-CUBE-NFC4.3.0.0
2024-03-19 11:03:56,391 [WARN] PackLoader:240 - Cannot read IP mode file for STMicroelectronics.X-CUBE-BLEMGR.3.0.0
2024-03-19 11:03:56,404 [WARN] PackLoader:240 - Cannot read IP mode file for STMicroelectronics.X-CUBE-BLEMGR.1.3.0
2024-03-19 11:03:56,439 [WARN] PackLoader:240 - Cannot read IP mode file for STMicroelectronics.X-CUBE-AZRTOS-H7.2.0.0
2024-03-19 11:03:56,455 [WARN] PackLoader:240 - Cannot read IP mode file for STMicroelectronics.X-CUBE-EEPRMA1.5.1.0
2024-03-19 11:03:56,555 [WARN] PackLoader:240 - Cannot read IP mode file for STMicroelectronics.X-CUBE-MEMS1.9.5.0
2024-03-19 11:03:56,844 [WARN] PackLoader:240 - Cannot read IP mode file for SEGGER.I-CUBE-embOS.1.3.1
2024-03-19 11:03:56,977 [WARN] PackLoader:240 - Cannot read IP mode file for SEGGER.I-CUBE-embOS.1.3.0
2024-03-19 11:03:57,054 [WARN] PackLoader:240 - Cannot read IP mode file for STMicroelectronics.X-CUBE-DISPLAY.2.0.1
2024-03-19 11:03:57,083 [WARN] PackLoader:240 - Cannot read IP mode file for STMicroelectronics.X-CUBE-AZRTOS-L5.2.0.0
2024-03-19 11:03:57,141 [WARN] PackLoader:240 - Cannot read IP mode file for STMicroelectronics.X-CUBE-MEMS1.9.6.0
2024-03-19 11:03:57,318 [WARN] PackLoader:240 - Cannot read IP mode file for STMicroelectronics.X-CUBE-EEPRMA1.4.2.0
2024-03-19 11:03:57,329 [WARN] PackLoader:240 - Cannot read IP mode file for STMicroelectronics.X-CUBE-NFC6.3.1.0
2024-03-19 11:03:57,342 [WARN] PackLoader:240 - Cannot read IP mode file for ITTIA_DB.I-CUBE-ITTIADB.8.8.0
2024-03-19 11:03:57,354 [WARN] PackLoader:240 - Cannot read IP mode file for emotas.I-CUBE-CANOPEN.1.1.3
2024-03-19 11:03:57,365 [WARN] PackLoader:240 - Cannot read IP mode file for STMicroelectronics.X-CUBE-BLEMGR.2.0.0
2024-03-19 11:03:57,373 [WARN] PackLoader:240 - Cannot read IP mode file for STMicroelectronics.X-CUBE-NFC4.2.0.5
2024-03-19 11:03:57,381 [WARN] PackLoader:240 - Cannot read IP mode file for STMicroelectronics.X-CUBE-NFC4.2.0.3
2024-03-19 11:03:57,408 [WARN] ConditionMgr:438 - getConditionDescription Invalid condition id : UX DEVICE CLASS RTOS Condition cause : null
2024-03-19 11:03:57,408 [WARN] ConditionMgr:438 - getConditionDescription Invalid condition id : UX DEVICE CLASS RTOS Condition cause : null
2024-03-19 11:03:57,414 [WARN] PackLoader:240 - Cannot read IP mode file for STMicroelectronics.X-CUBE-AZRTOS-H7.3.1.0
2024-03-19 11:03:57,416 [WARN] ConditionMgr:1039 - genDependencies : Invalid condition id : UX DEVICE CLASS RTOS Condition cause : null
2024-03-19 11:03:57,416 [WARN] ConditionMgr:1039 - genDependencies : Invalid condition id : UX DEVICE CLASS RTOS Condition cause : null
2024-03-19 11:03:57,418 [WARN] ConditionMgr:1039 - genDependencies : Invalid condition id : UX DEVICE CLASS RTOS Condition cause : null
2024-03-19 11:03:57,419 [WARN] ConditionMgr:1039 - genDependencies : Invalid condition id : UX DEVICE CLASS RTOS Condition cause : null
2024-03-19 11:03:57,419 [WARN] ConditionMgr:1039 - genDependencies : Invalid condition id : UX DEVICE CLASS RTOS Condition cause : null
2024-03-19 11:03:57,451 [WARN] PackLoader:240 - Cannot read IP mode file for STMicroelectronics.X-CUBE-AZRTOS-F4.1.0.0
2024-03-19 11:03:57,464 [WARN] PackLoader:240 - Cannot read IP mode file for STMicroelectronics.X-CUBE-TOF1.2.0.0
2024-03-19 11:03:57,475 [WARN] PackLoader:240 - Cannot read IP mode file for STMicroelectronics.X-CUBE-NFC7.1.0.1
2024-03-19 11:03:57,484 [WARN] PackLoader:240 - Cannot read IP mode file for STMicroelectronics.X-CUBE-NFC7.1.0.0
2024-03-19 11:03:57,519 [WARN] PackLoader:240 - Cannot read IP mode file for STMicroelectronics.X-CUBE-NFC6.3.0.0
2024-03-19 11:03:57,531 [WARN] PackLoader:240 - Cannot read IP mode file for STMicroelectronics.X-CUBE-EEPRMA1.4.1.0
2024-03-19 11:03:57,538 [WARN] PackLoader:240 - Cannot read IP mode file for STMicroelectronics.X-CUBE-AI.8.1.0
2024-03-19 11:03:57,566 [WARN] PackLoader:240 - Cannot read IP mode file for STMicroelectronics.X-CUBE-AZRTOS-G0.1.0.0
2024-03-19 11:03:57,600 [WARN] ConditionMgr:438 - getConditionDescription Invalid condition id : LAN8742 Phy interface Condition cause : null
2024-03-19 11:03:57,601 [WARN] PackLoader:240 - Cannot read IP mode file for STMicroelectronics.X-CUBE-AZRTOS-L4.2.0.0
2024-03-19 11:03:57,602 [WARN] ConditionMgr:1039 - genDependencies : Invalid condition id : LAN8742 Phy interface Condition cause : null
2024-03-19 11:03:57,603 [WARN] ConditionMgr:1039 - genDependencies : Invalid condition id : LAN8742 Phy interface Condition cause : null
2024-03-19 11:03:57,604 [WARN] ConditionMgr:1039 - genDependencies : Invalid condition id : LAN8742 Phy interface Condition cause : null
2024-03-19 11:03:57,650 [WARN] PackLoader:240 - Cannot read IP mode file for STMicroelectronics.X-CUBE-AZRTOS-H7.3.0.0
2024-03-19 11:03:57,663 [WARN] PackLoader:240 - Cannot read IP mode file for STMicroelectronics.X-CUBE-ISPU.1.1.0
2024-03-19 11:03:57,675 [WARN] PackLoader:240 - Cannot read IP mode file for RoweBots.I-CUBE-UNISONRTOS.5.5.0-4
2024-03-19 11:03:57,681 [WARN] PackLoader:240 - Cannot read IP mode file for STMicroelectronics.X-CUBE-AI.8.0.0
2024-03-19 11:03:57,699 [WARN] ConditionMgr:438 - getConditionDescription Invalid condition id : UX DEVICE CLASS RTOS Condition cause : null
2024-03-19 11:03:57,699 [WARN] ConditionMgr:438 - getConditionDescription Invalid condition id : UX DEVICE CLASS RTOS Condition cause : null
2024-03-19 11:03:57,702 [WARN] PackLoader:240 - Cannot read IP mode file for STMicroelectronics.X-CUBE-AZRTOS-WB.2.0.0
2024-03-19 11:03:57,703 [WARN] ConditionMgr:1039 - genDependencies : Invalid condition id : UX DEVICE CLASS RTOS Condition cause : null
2024-03-19 11:03:57,703 [WARN] ConditionMgr:1039 - genDependencies : Invalid condition id : UX DEVICE CLASS RTOS Condition cause : null
2024-03-19 11:03:57,703 [WARN] ConditionMgr:1039 - genDependencies : Invalid condition id : UX DEVICE CLASS RTOS Condition cause : null
2024-03-19 11:03:57,704 [WARN] ConditionMgr:1039 - genDependencies : Invalid condition id : UX DEVICE CLASS RTOS Condition cause : null
2024-03-19 11:03:57,704 [WARN] ConditionMgr:1039 - genDependencies : Invalid condition id : UX DEVICE CLASS RTOS Condition cause : null
2024-03-19 11:03:57,712 [WARN] PackLoader:240 - Cannot read IP mode file for STMicroelectronics.X-CUBE-FREERTOS.1.0.0
2024-03-19 11:03:57,747 [WARN] PackLoader:240 - Cannot read IP mode file for STMicroelectronics.X-CUBE-AZRTOS-L5.1.1.0
2024-03-19 11:03:57,772 [WARN] PackLoader:240 - Cannot read IP mode file for STMicroelectronics.X-CUBE-TOF1.3.3.1
2024-03-19 11:03:57,809 [WARN] PackLoader:240 - Cannot read IP mode file for STMicroelectronics.X-CUBE-AZRTOS-G4.2.0.0
2024-03-19 11:03:57,830 [WARN] PackLoader:240 - Cannot read IP mode file for STMicroelectronics.X-CUBE-TOF1.3.3.0
2024-03-19 11:03:57,856 [WARN] PackLoader:240 - Cannot read IP mode file for STMicroelectronics.FP-ATR-ASTRA1.1.1.1
2024-03-19 11:03:57,875 [WARN] PackLoader:240 - Cannot read IP mode file for Infineon.AIROC-Wi-Fi-Bluetooth-STM32.1.5.1
2024-03-19 11:03:57,887 [WARN] PackLoader:240 - Cannot read IP mode file for STMicroelectronics.FP-SNS-MOTENVWB1.1.3.1
2024-03-19 11:03:57,904 [WARN] PackLoader:240 - Cannot read IP mode file for STMicroelectronics.X-CUBE-AZRTOS-G4.1.0.0
2024-03-19 11:03:57,943 [WARN] PackLoader:240 - Cannot read IP mode file for STMicroelectronics.X-CUBE-AZRTOS-L4.1.0.0
2024-03-19 11:03:57,954 [WARN] PackLoader:240 - Cannot read IP mode file for STMicroelectronics.X-CUBE-ISPU.2.0.0
2024-03-19 11:03:58,014 [WARN] PackLoader:240 - Cannot read IP mode file for STMicroelectronics.X-CUBE-MEMS1.10.0.0
2024-03-19 11:03:58,204 [WARN] PackLoader:240 - Cannot read IP mode file for STMicroelectronics.X-CUBE-FREERTOS.1.1.0
2024-03-19 11:03:58,238 [WARN] PackLoader:240 - Cannot read IP mode file for STMicroelectronics.X-CUBE-AZRTOS-F7.1.0.0
2024-03-19 11:03:58,274 [WARN] PackLoader:240 - Cannot read IP mode file for STMicroelectronics.X-CUBE-AZRTOS-WL.1.0.0
2024-03-19 11:03:58,342 [WARN] PackLoader:240 - Cannot read IP mode file for STMicroelectronics.X-CUBE-MEMS1.9.1.0
2024-03-19 11:03:58,520 [WARN] PackLoader:240 - Cannot read IP mode file for STMicroelectronics.X-CUBE-ALS.1.0.1
2024-03-19 11:03:58,545 [WARN] PackLoader:240 - Cannot read IP mode file for STMicroelectronics.X-CUBE-AZRTOS-WB.1.1.0
2024-03-19 11:03:58,577 [WARN] PackLoader:240 - Cannot read IP mode file for STMicroelectronics.X-CUBE-AZRTOS-L5.1.0.0
2024-03-19 11:03:58,588 [WARN] PackLoader:240 - Cannot read IP mode file for STMicroelectronics.X-CUBE-EEPRMA1.3.1.0
2024-03-19 11:03:58,599 [WARN] PackLoader:240 - Cannot read IP mode file for STMicroelectronics.X-CUBE-GNSS1.5.2.0
2024-03-19 11:03:58,610 [WARN] PackLoader:240 - Cannot read IP mode file for STMicroelectronics.FP-ATR-ASTRA1.2.0.0
2024-03-19 11:03:58,626 [WARN] PackLoader:240 - Cannot read IP mode file for STMicroelectronics.X-CUBE-TOF1.3.4.0
2024-03-19 11:03:58,662 [WARN] PackLoader:240 - Cannot read IP mode file for STMicroelectronics.X-CUBE-TOF1.3.4.1
2024-03-19 11:03:58,742 [WARN] PackLoader:240 - Cannot read IP mode file for STMicroelectronics.X-CUBE-AZRTOS-H7.3.2.0
2024-03-19 11:03:58,749 [INFO] ThirdParty:978 - Integrity check success = true
2024-03-19 11:03:58,749 [INFO] IntegrityCheckThread:100 - exiting critical section [integrity check]
2024-03-19 11:03:58,749 [INFO] IntegrityCheckThread:103 - End integrity checks thread
2024-03-19 11:04:15,764 [ERROR] LogOutputStream:75 - [STDERR_REDIRECT] SLF4J: Failed to load class "org.slf4j.impl.StaticLoggerBinder".
2024-03-19 11:04:15,765 [ERROR] LogOutputStream:75 - [STDERR_REDIRECT] SLF4J: Defaulting to no-operation (NOP) logger implementation
2024-03-19 11:04:15,767 [ERROR] LogOutputStream:75 - [STDERR_REDIRECT] SLF4J: See http://www.slf4j.org/codes.html#StaticLoggerBinder for further details.
2024-03-19 11:04:39,602 [INFO] McuFinderGlobals:63 - Set McuFinder mode to 2 (CubeIDE integrated)
2024-03-19 11:04:39,606 [INFO] MainUpdater:2873 - connection check result : 10
2024-03-19 11:04:40,112 [INFO] ApiDb:581 - Connected to CubeFinder SQLite database (C:\Users\A\.stmcufinder\plugins\mcufinder\mcu\cube-finder-db.db)
2024-03-19 11:04:40,365 [INFO] ApiDb:668 - CubeFinder database Data Model version=2.1
2024-03-19 11:04:40,365 [INFO] ApiDb:669 - CubeFinder database Configuration version=3.0.39
2024-03-19 11:04:40,366 [INFO] ApiDb:670 - CubeFinder database generation date=2024-03-01 (1709305525)
2024-03-19 11:04:40,366 [INFO] ApiDb:671 - CubeFinder database FW Pack versions=[FP-ATR-ASTRA1_V2.0.0, FP-SNS-FLIGHT1_V5.0.1, FP-SNS-FLIGHT1_V5.0.2, FP-SNS-MOTENV1_V4.3.1, FP-SNS-MOTENV1_V4.3.2, FP-SNS-MOTENVWB1_V1.3.1, FP-SNS-SMARTAG2_V1.2.0, STM32Cube_FW_C0_V1.1.0, STM32Cube_FW_F4_V1.28.0, STM32Cube_FW_F7_V1.17.0, STM32Cube_FW_G0_V1.6.2, STM32Cube_FW_G4_V1.5.2, STM32Cube_FW_H5_V0.5.1, STM32Cube_FW_H5_V1.1.1, STM32Cube_FW_H5_V1.2.0, STM32Cube_FW_H5_V1.2.0RC4, STM32Cube_FW_H7RS_V1.0.0, STM32Cube_FW_H7RS_V1.0.0RC4, STM32Cube_FW_H7_V1.11.0, STM32Cube_FW_L0_V1.12.2, STM32Cube_FW_L5_V1.5.1, STM32Cube_FW_U0_V1.0.0, STM32Cube_FW_U0_V1.0.0RC1, STM32Cube_FW_U5_V1.3.0RC4, STM32Cube_FW_U5_V1.5.0, STM32Cube_FW_U5_V1.5.0RC1, STM32Cube_FW_WBA_V1.0.0RC1, STM32Cube_FW_WBA_V1.2.0, STM32Cube_FW_WBA_V1.2.0RC2, STM32Cube_FW_WBA_V1.3.0, STM32Cube_FW_WBA_V1.3.0RC1, STM32Cube_FW_WB_V1.15.0RC1, STM32Cube_FW_WB_V1.16.0, STM32Cube_FW_WB_V1.16.0RC2, STM32Cube_FW_WB_V1.18.0, STM32Cube_FW_WB_V1.19.0, STM32Cube_FW_WL_V1.3.0, X-CUBE-ALGOBUILD_V1.3.0, X-CUBE-ALS_V1.0.1, X-CUBE-AZRTOS-F4_V1.1.0, X-CUBE-AZRTOS-F7_V1.1.0, X-CUBE-AZRTOS-G0_V1.1.0, X-CUBE-AZRTOS-G4_V2.0.0, X-CUBE-AZRTOS-H7_V3.2.0, X-CUBE-AZRTOS-L4_V1.0.0, X-CUBE-AZRTOS-L4_V2.0.0, X-CUBE-AZRTOS-L5_V1.1.0, X-CUBE-AZRTOS-WB_V2.0.0, X-CUBE-AZRTOS-WL_V2.0.0, X-CUBE-BLE1_V7.0.0, X-CUBE-BLE2_V3.3.0, X-CUBE-BLEMGR_V3.1.0, X-CUBE-EEPRMA1_V4.1.0, X-CUBE-EEPRMA1_V5.1.0, X-CUBE-FREERTOS_V1.1.0, X-CUBE-GNSS1_V6.0.0, X-CUBE-MEMS1_V10.0.0, X-CUBE-MEMS1_V9.1.0, X-CUBE-MEMS1_V9.4.0, X-CUBE-MEMS1_V9.6.0, X-CUBE-NFC4_V3.0.0, X-CUBE-NFC7_V1.0.1, X-CUBE-SFXS2LP1_V4.0.0, X-CUBE-SUBG2_V5.0.0, X-CUBE-TOF1_V3.4.0]
2024-03-19 11:04:40,690 [INFO] DbBoardsSqlite:226 - include board P-NUCLEO-WB55-NUCLEO as a kit item of type 'Nucleo-64'
2024-03-19 11:04:40,690 [INFO] DbBoardsSqlite:226 - include board P-NUCLEO-WB55-USBDONGLE as a kit item of type 'Nucleo USB Dongle'
2024-03-19 11:04:40,692 [INFO] DbBoardsSqlite:226 - include board STEVAL-IDP005V1 as a kit item of type 'Evaluation Board'
2024-03-19 11:04:40,693 [INFO] DbBoardsSqlite:226 - include board STEVAL-IDP005V2 as a kit item of type 'Evaluation Board'
2024-03-19 11:04:41,376 [INFO] ApiDb:240 - Found 371 in-development CPN: [B-G473E-ZEST1S, B-WB1M-WPAN1, B-WL5M-SUBG1, NUCLEO-C031C6, NUCLEO-H503RB, NUCLEO-H563ZI, NUCLEO-U545RE-Q, NUCLEO-U5A5ZJ-Q, NUCLEO-WBA52CG, NUCLEO-WBA55CG, STEVAL-MKBOXPRO, STEVAL-PROTEUS1, STEVAL-STWINBX1, STM320518-EVAL, STM32C0116-DK, STM32C011D6Y3TR, STM32C011D6Y6TR, STM32C011F4P3, STM32C011F4P6, STM32C011F4U3, STM32C011F4U6TR, STM32C011F6P3, STM32C011F6P6, STM32C011F6U3, STM32C011F6U6TR, STM32C011J4M3, STM32C011J4M6, STM32C011J6M3, STM32C011J6M6, STM32C0316-DK, STM32C031C4T3, STM32C031C4T6, STM32C031C4U3, STM32C031C4U6, STM32C031C6T3, STM32C031C6T6, STM32C031C6U3, STM32C031C6U6, STM32C031F4P3, STM32C031F4P6, STM32C031F6P3, STM32C031F6P6, STM32C031G4U3, STM32C031G4U6, STM32C031G6U3, STM32C031G6U6, STM32C031K4T3, STM32C031K4T6, STM32C031K4U3, STM32C031K4U6, STM32C031K6T3, STM32C031K6T6, STM32C031K6U3, STM32C031K6U6, STM32G071K8TXN, STM32G071K8UXN, STM32G081GBU6N, STM32G081KBT6N, STM32G081KBUXN, STM32G0B1CCT6N, STM32G0B1KCT6, STM32G0B1NEY6TR, STM32G0B1RCT6N, STM32G0C1CCT6, STM32G0C1CCT6N, STM32G0C1CCU6N, STM32G0C1CET6N, STM32G0C1CEU6N, STM32G0C1KCT6, STM32G0C1NEY6TR, STM32G0C1RCI6N, STM32G0C1RCT6N, STM32G0C1REI6N, STM32G0C1RET6N, STM32G0C1VCI6, STM32G0C1VEI6, STM32G471CCT6, STM32G471CCU6, STM32G471CET3, STM32G471CET6, STM32G471CEU3, STM32G471CEU6, STM32G471MCT6, STM32G471MET3, STM32G471MET6, STM32G471MEY6TR, STM32G471QCT6, STM32G471QET3, STM32G471RCT6, STM32G471RET3, STM32G471RET6, STM32G471VCH6, STM32G471VCI6, STM32G471VCT6, STM32G471VEH3, STM32G471VEH6, STM32G471VEI3, STM32G471VEI6, STM32G471VET3, STM32G471VET6, STM32G474CCT6, STM32H503CBT6, STM32H503CBU6, STM32H503EBY6TR, STM32H503KBU6, STM32H503RBT6, STM32H562AGI6, STM32H562AII6, STM32H562IGK6, STM32H562IGT6, STM32H562IIK6, STM32H562IIT6, STM32H562RGT6, STM32H562RGV6, STM32H562RIT6, STM32H562RIV6, STM32H562VGT6, STM32H562VIT6, STM32H562ZGT6, STM32H562ZIT6, STM32H563AGI6, STM32H563AII3Q, STM32H563AII6, STM32H563IGK6, STM32H563IGT6, STM32H563IIK3Q, STM32H563IIK6, STM32H563IIT3Q, STM32H563IIT6, STM32H563MIY3QTR, STM32H563RGT6, STM32H563RGV6, STM32H563RIT6, STM32H563RIV6, STM32H563VGT6, STM32H563VIT3Q, STM32H563VIT6, STM32H563ZGT6, STM32H563ZIT3Q, STM32H563ZIT6, STM32H573AII3Q, STM32H573AII6, STM32H573I-DK, STM32H573IIK3Q, STM32H573IIK6, STM32H573IIT3Q, STM32H573IIT6, STM32H573MIY3QTR, STM32H573RIT6, STM32H573RIV6, STM32H573VIT3Q, STM32H573VIT6, STM32H573ZIT3Q, STM32H573ZIT6, STM32L4R5QGI6STR, STM32MP131AAE3, STM32MP131AAF3, STM32MP131AAG3, STM32MP131CAE3, STM32MP131CAF3, STM32MP131CAG3, STM32MP131DAE7, STM32MP131DAF7, STM32MP131DAG7, STM32MP131FAE7, STM32MP131FAF7, STM32MP131FAG7, STM32MP133AAE3, STM32MP133AAF3, STM32MP133AAG3, STM32MP133CAE3, STM32MP133CAF3, STM32MP133CAG3, STM32MP133DAE7, STM32MP133DAF7, STM32MP133DAG7, STM32MP133FAE7, STM32MP133FAF7, STM32MP133FAG7, STM32MP135AAE3, STM32MP135AAF3, STM32MP135AAG3, STM32MP135CAE3, STM32MP135CAF3, STM32MP135CAG3, STM32MP135DAE7, STM32MP135DAF7, STM32MP135DAG7, STM32MP135F-DK, STM32MP135FAE7, STM32MP135FAF7, STM32MP135FAF7T, STM32MP135FAF7U, STM32MP135FAG7, STM32U535CBT6, STM32U535CBT6Q, STM32U535CBU6, STM32U535CBU6Q, STM32U535CCT6, STM32U535CCT6Q, STM32U535CCU6, STM32U535CCU6Q, STM32U535CET6, STM32U535CET6Q, STM32U535CEU6, STM32U535CEU6Q, STM32U535JEY6QTR, STM32U535NCY6QTR, STM32U535NEY6QTR, STM32U535RBI6, STM32U535RBI6Q, STM32U535RBT6, STM32U535RBT6Q, STM32U535RCI6, STM32U535RCI6Q, STM32U535RCT6, STM32U535RCT6Q, STM32U535REI6, STM32U535REI6Q, STM32U535RET6, STM32U535RET6Q, STM32U535VCI6, STM32U535VCI6Q, STM32U535VCT6, STM32U535VCT6Q, STM32U535VEI6, STM32U535VEI6Q, STM32U535VET6, STM32U535VET6Q, STM32U545CET6, STM32U545CET6Q, STM32U545CEU6, STM32U545CEU6Q, STM32U545JEY6QTR, STM32U545NEY6QTR, STM32U545REI6, STM32U545REI6Q, STM32U545RET6, STM32U545RET6Q, STM32U545VEI6, STM32U545VEI6Q, STM32U545VET6, STM32U545VET6Q, STM32U595AIH6, STM32U595AIH6Q, STM32U595AJH6, STM32U595AJH6Q, STM32U595QII6, STM32U595QII6Q, STM32U595QJI6, STM32U595QJI6Q, STM32U595RIT6, STM32U595RIT6Q, STM32U595RJT6, STM32U595RJT6Q, STM32U595VIT6, STM32U595VIT6Q, STM32U595VJT6, STM32U595VJT6Q, STM32U595ZIT6, STM32U595ZIT6Q, STM32U595ZIY6QTR, STM32U595ZJT6, STM32U595ZJT6Q, STM32U595ZJY6QTR, STM32U599BJY6QTR, STM32U599NIH6Q, STM32U599NJH6Q, STM32U599VIT6Q, STM32U599VJT6, STM32U599VJT6Q, STM32U599ZIT6Q, STM32U599ZIY6QTR, STM32U599ZJT6Q, STM32U599ZJY6QTR, STM32U5A5AJH6, STM32U5A5AJH6Q, STM32U5A5QJI6, STM32U5A5QJI6Q, STM32U5A5RJT6, STM32U5A5RJT6Q, STM32U5A5VJT6, STM32U5A5VJT6Q, STM32U5A5ZJT6, STM32U5A5ZJT6Q, STM32U5A5ZJY6QTR, STM32U5A9BJY6QTR, STM32U5A9J-DK, STM32U5A9NJH6Q, STM32U5A9VJT6Q, STM32U5A9ZJT6Q, STM32U5A9ZJY6QTR, STM32U5F7VIT6, STM32U5F7VIT6Q, STM32U5F7VJT6, STM32U5F7VJT6Q, STM32U5F9BJY6QTR, STM32U5F9NJH6Q, STM32U5F9VIT6Q, STM32U5F9VJT6Q, STM32U5F9ZIJ6QTR, STM32U5F9ZIT6Q, STM32U5F9ZJJ6QTR, STM32U5F9ZJT6Q, STM32U5G7VJT6, STM32U5G7VJT6Q, STM32U5G9BJY6QTR, STM32U5G9J-DK1, STM32U5G9J-DK2, STM32U5G9NJH6Q, STM32U5G9VJT6Q, STM32U5G9ZJJ6QTR, STM32U5G9ZJT6Q, STM32WB1MMCH6, STM32WBA50KEU6, STM32WBA50KEU6TR, STM32WBA50KGU6, STM32WBA50KGU6TR, STM32WBA52CEU6, STM32WBA52CEU6TR, STM32WBA52CEU7, STM32WBA52CEU7TR, STM32WBA52CGU6, STM32WBA52CGU6TR, STM32WBA52CGU6U, STM32WBA52CGU7, STM32WBA52CGU7TR, STM32WBA52KEU6, STM32WBA52KEU6TR, STM32WBA52KGU6, STM32WBA52KGU6TR, STM32WBA54CEU6, STM32WBA54CEU6TR, STM32WBA54CEU7, STM32WBA54CEU7TR, STM32WBA54CGU6, STM32WBA54CGU6TR, STM32WBA54CGU7, STM32WBA54CGU7TR, STM32WBA54KEU6, STM32WBA54KEU6TR, STM32WBA54KEU7, STM32WBA54KEU7TR, STM32WBA54KGU6, STM32WBA54KGU6TR, STM32WBA54KGU7, STM32WBA54KGU7TR, STM32WBA55CEU6, STM32WBA55CEU6TR, STM32WBA55CEU7, STM32WBA55CEU7TR, STM32WBA55CGU6, STM32WBA55CGU6TR, STM32WBA55CGU6U, STM32WBA55CGU7, STM32WBA55CGU7TR, STM32WBA55G-DK1, STM32WBA55HEF6, STM32WBA55HEF7, STM32WBA55HGF6, STM32WBA55HGF7, STM32WBA55UEI6, STM32WBA55UEI6TR, STM32WBA55UEI7, STM32WBA55UEI7TR, STM32WBA55UGI6, STM32WBA55UGI6TR, STM32WBA55UGI7, STM32WBA55UGI7TR, STM32WL5MOCH6, STM32WL5MOCH6TR]
2024-03-19 11:04:41,380 [INFO] ApiDb:668 - CubeFinder database Data Model version=2.1
2024-03-19 11:04:41,380 [INFO] ApiDb:669 - CubeFinder database Configuration version=3.0.39
2024-03-19 11:04:41,380 [INFO] ApiDb:670 - CubeFinder database generation date=2024-03-01 (1709305525)
2024-03-19 11:04:41,380 [INFO] ApiDb:671 - CubeFinder database FW Pack versions=[FP-ATR-ASTRA1_V2.0.0, FP-SNS-FLIGHT1_V5.0.1, FP-SNS-FLIGHT1_V5.0.2, FP-SNS-MOTENV1_V4.3.1, FP-SNS-MOTENV1_V4.3.2, FP-SNS-MOTENVWB1_V1.3.1, FP-SNS-SMARTAG2_V1.2.0, STM32Cube_FW_C0_V1.1.0, STM32Cube_FW_F4_V1.28.0, STM32Cube_FW_F7_V1.17.0, STM32Cube_FW_G0_V1.6.2, STM32Cube_FW_G4_V1.5.2, STM32Cube_FW_H5_V0.5.1, STM32Cube_FW_H5_V1.1.1, STM32Cube_FW_H5_V1.2.0, STM32Cube_FW_H5_V1.2.0RC4, STM32Cube_FW_H7RS_V1.0.0, STM32Cube_FW_H7RS_V1.0.0RC4, STM32Cube_FW_H7_V1.11.0, STM32Cube_FW_L0_V1.12.2, STM32Cube_FW_L5_V1.5.1, STM32Cube_FW_U0_V1.0.0, STM32Cube_FW_U0_V1.0.0RC1, STM32Cube_FW_U5_V1.3.0RC4, STM32Cube_FW_U5_V1.5.0, STM32Cube_FW_U5_V1.5.0RC1, STM32Cube_FW_WBA_V1.0.0RC1, STM32Cube_FW_WBA_V1.2.0, STM32Cube_FW_WBA_V1.2.0RC2, STM32Cube_FW_WBA_V1.3.0, STM32Cube_FW_WBA_V1.3.0RC1, STM32Cube_FW_WB_V1.15.0RC1, STM32Cube_FW_WB_V1.16.0, STM32Cube_FW_WB_V1.16.0RC2, STM32Cube_FW_WB_V1.18.0, STM32Cube_FW_WB_V1.19.0, STM32Cube_FW_WL_V1.3.0, X-CUBE-ALGOBUILD_V1.3.0, X-CUBE-ALS_V1.0.1, X-CUBE-AZRTOS-F4_V1.1.0, X-CUBE-AZRTOS-F7_V1.1.0, X-CUBE-AZRTOS-G0_V1.1.0, X-CUBE-AZRTOS-G4_V2.0.0, X-CUBE-AZRTOS-H7_V3.2.0, X-CUBE-AZRTOS-L4_V1.0.0, X-CUBE-AZRTOS-L4_V2.0.0, X-CUBE-AZRTOS-L5_V1.1.0, X-CUBE-AZRTOS-WB_V2.0.0, X-CUBE-AZRTOS-WL_V2.0.0, X-CUBE-BLE1_V7.0.0, X-CUBE-BLE2_V3.3.0, X-CUBE-BLEMGR_V3.1.0, X-CUBE-EEPRMA1_V4.1.0, X-CUBE-EEPRMA1_V5.1.0, X-CUBE-FREERTOS_V1.1.0, X-CUBE-GNSS1_V6.0.0, X-CUBE-MEMS1_V10.0.0, X-CUBE-MEMS1_V9.1.0, X-CUBE-MEMS1_V9.4.0, X-CUBE-MEMS1_V9.6.0, X-CUBE-NFC4_V3.0.0, X-CUBE-NFC7_V1.0.1, X-CUBE-SFXS2LP1_V4.0.0, X-CUBE-SUBG2_V5.0.0, X-CUBE-TOF1_V3.4.0]
2024-03-19 11:04:44,605 [INFO] ApiDb:240 - Found 371 in-development CPN: [B-G473E-ZEST1S, B-WB1M-WPAN1, B-WL5M-SUBG1, NUCLEO-C031C6, NUCLEO-H503RB, NUCLEO-H563ZI, NUCLEO-U545RE-Q, NUCLEO-U5A5ZJ-Q, NUCLEO-WBA52CG, NUCLEO-WBA55CG, STEVAL-MKBOXPRO, STEVAL-PROTEUS1, STEVAL-STWINBX1, STM320518-EVAL, STM32C0116-DK, STM32C011D6Y3TR, STM32C011D6Y6TR, STM32C011F4P3, STM32C011F4P6, STM32C011F4U3, STM32C011F4U6TR, STM32C011F6P3, STM32C011F6P6, STM32C011F6U3, STM32C011F6U6TR, STM32C011J4M3, STM32C011J4M6, STM32C011J6M3, STM32C011J6M6, STM32C0316-DK, STM32C031C4T3, STM32C031C4T6, STM32C031C4U3, STM32C031C4U6, STM32C031C6T3, STM32C031C6T6, STM32C031C6U3, STM32C031C6U6, STM32C031F4P3, STM32C031F4P6, STM32C031F6P3, STM32C031F6P6, STM32C031G4U3, STM32C031G4U6, STM32C031G6U3, STM32C031G6U6, STM32C031K4T3, STM32C031K4T6, STM32C031K4U3, STM32C031K4U6, STM32C031K6T3, STM32C031K6T6, STM32C031K6U3, STM32C031K6U6, STM32G071K8TXN, STM32G071K8UXN, STM32G081GBU6N, STM32G081KBT6N, STM32G081KBUXN, STM32G0B1CCT6N, STM32G0B1KCT6, STM32G0B1NEY6TR, STM32G0B1RCT6N, STM32G0C1CCT6, STM32G0C1CCT6N, STM32G0C1CCU6N, STM32G0C1CET6N, STM32G0C1CEU6N, STM32G0C1KCT6, STM32G0C1NEY6TR, STM32G0C1RCI6N, STM32G0C1RCT6N, STM32G0C1REI6N, STM32G0C1RET6N, STM32G0C1VCI6, STM32G0C1VEI6, STM32G471CCT6, STM32G471CCU6, STM32G471CET3, STM32G471CET6, STM32G471CEU3, STM32G471CEU6, STM32G471MCT6, STM32G471MET3, STM32G471MET6, STM32G471MEY6TR, STM32G471QCT6, STM32G471QET3, STM32G471RCT6, STM32G471RET3, STM32G471RET6, STM32G471VCH6, STM32G471VCI6, STM32G471VCT6, STM32G471VEH3, STM32G471VEH6, STM32G471VEI3, STM32G471VEI6, STM32G471VET3, STM32G471VET6, STM32G474CCT6, STM32H503CBT6, STM32H503CBU6, STM32H503EBY6TR, STM32H503KBU6, STM32H503RBT6, STM32H562AGI6, STM32H562AII6, STM32H562IGK6, STM32H562IGT6, STM32H562IIK6, STM32H562IIT6, STM32H562RGT6, STM32H562RGV6, STM32H562RIT6, STM32H562RIV6, STM32H562VGT6, STM32H562VIT6, STM32H562ZGT6, STM32H562ZIT6, STM32H563AGI6, STM32H563AII3Q, STM32H563AII6, STM32H563IGK6, STM32H563IGT6, STM32H563IIK3Q, STM32H563IIK6, STM32H563IIT3Q, STM32H563IIT6, STM32H563MIY3QTR, STM32H563RGT6, STM32H563RGV6, STM32H563RIT6, STM32H563RIV6, STM32H563VGT6, STM32H563VIT3Q, STM32H563VIT6, STM32H563ZGT6, STM32H563ZIT3Q, STM32H563ZIT6, STM32H573AII3Q, STM32H573AII6, STM32H573I-DK, STM32H573IIK3Q, STM32H573IIK6, STM32H573IIT3Q, STM32H573IIT6, STM32H573MIY3QTR, STM32H573RIT6, STM32H573RIV6, STM32H573VIT3Q, STM32H573VIT6, STM32H573ZIT3Q, STM32H573ZIT6, STM32L4R5QGI6STR, STM32MP131AAE3, STM32MP131AAF3, STM32MP131AAG3, STM32MP131CAE3, STM32MP131CAF3, STM32MP131CAG3, STM32MP131DAE7, STM32MP131DAF7, STM32MP131DAG7, STM32MP131FAE7, STM32MP131FAF7, STM32MP131FAG7, STM32MP133AAE3, STM32MP133AAF3, STM32MP133AAG3, STM32MP133CAE3, STM32MP133CAF3, STM32MP133CAG3, STM32MP133DAE7, STM32MP133DAF7, STM32MP133DAG7, STM32MP133FAE7, STM32MP133FAF7, STM32MP133FAG7, STM32MP135AAE3, STM32MP135AAF3, STM32MP135AAG3, STM32MP135CAE3, STM32MP135CAF3, STM32MP135CAG3, STM32MP135DAE7, STM32MP135DAF7, STM32MP135DAG7, STM32MP135F-DK, STM32MP135FAE7, STM32MP135FAF7, STM32MP135FAF7T, STM32MP135FAF7U, STM32MP135FAG7, STM32U535CBT6, STM32U535CBT6Q, STM32U535CBU6, STM32U535CBU6Q, STM32U535CCT6, STM32U535CCT6Q, STM32U535CCU6, STM32U535CCU6Q, STM32U535CET6, STM32U535CET6Q, STM32U535CEU6, STM32U535CEU6Q, STM32U535JEY6QTR, STM32U535NCY6QTR, STM32U535NEY6QTR, STM32U535RBI6, STM32U535RBI6Q, STM32U535RBT6, STM32U535RBT6Q, STM32U535RCI6, STM32U535RCI6Q, STM32U535RCT6, STM32U535RCT6Q, STM32U535REI6, STM32U535REI6Q, STM32U535RET6, STM32U535RET6Q, STM32U535VCI6, STM32U535VCI6Q, STM32U535VCT6, STM32U535VCT6Q, STM32U535VEI6, STM32U535VEI6Q, STM32U535VET6, STM32U535VET6Q, STM32U545CET6, STM32U545CET6Q, STM32U545CEU6, STM32U545CEU6Q, STM32U545JEY6QTR, STM32U545NEY6QTR, STM32U545REI6, STM32U545REI6Q, STM32U545RET6, STM32U545RET6Q, STM32U545VEI6, STM32U545VEI6Q, STM32U545VET6, STM32U545VET6Q, STM32U595AIH6, STM32U595AIH6Q, STM32U595AJH6, STM32U595AJH6Q, STM32U595QII6, STM32U595QII6Q, STM32U595QJI6, STM32U595QJI6Q, STM32U595RIT6, STM32U595RIT6Q, STM32U595RJT6, STM32U595RJT6Q, STM32U595VIT6, STM32U595VIT6Q, STM32U595VJT6, STM32U595VJT6Q, STM32U595ZIT6, STM32U595ZIT6Q, STM32U595ZIY6QTR, STM32U595ZJT6, STM32U595ZJT6Q, STM32U595ZJY6QTR, STM32U599BJY6QTR, STM32U599NIH6Q, STM32U599NJH6Q, STM32U599VIT6Q, STM32U599VJT6, STM32U599VJT6Q, STM32U599ZIT6Q, STM32U599ZIY6QTR, STM32U599ZJT6Q, STM32U599ZJY6QTR, STM32U5A5AJH6, STM32U5A5AJH6Q, STM32U5A5QJI6, STM32U5A5QJI6Q, STM32U5A5RJT6, STM32U5A5RJT6Q, STM32U5A5VJT6, STM32U5A5VJT6Q, STM32U5A5ZJT6, STM32U5A5ZJT6Q, STM32U5A5ZJY6QTR, STM32U5A9BJY6QTR, STM32U5A9J-DK, STM32U5A9NJH6Q, STM32U5A9VJT6Q, STM32U5A9ZJT6Q, STM32U5A9ZJY6QTR, STM32U5F7VIT6, STM32U5F7VIT6Q, STM32U5F7VJT6, STM32U5F7VJT6Q, STM32U5F9BJY6QTR, STM32U5F9NJH6Q, STM32U5F9VIT6Q, STM32U5F9VJT6Q, STM32U5F9ZIJ6QTR, STM32U5F9ZIT6Q, STM32U5F9ZJJ6QTR, STM32U5F9ZJT6Q, STM32U5G7VJT6, STM32U5G7VJT6Q, STM32U5G9BJY6QTR, STM32U5G9J-DK1, STM32U5G9J-DK2, STM32U5G9NJH6Q, STM32U5G9VJT6Q, STM32U5G9ZJJ6QTR, STM32U5G9ZJT6Q, STM32WB1MMCH6, STM32WBA50KEU6, STM32WBA50KEU6TR, STM32WBA50KGU6, STM32WBA50KGU6TR, STM32WBA52CEU6, STM32WBA52CEU6TR, STM32WBA52CEU7, STM32WBA52CEU7TR, STM32WBA52CGU6, STM32WBA52CGU6TR, STM32WBA52CGU6U, STM32WBA52CGU7, STM32WBA52CGU7TR, STM32WBA52KEU6, STM32WBA52KEU6TR, STM32WBA52KGU6, STM32WBA52KGU6TR, STM32WBA54CEU6, STM32WBA54CEU6TR, STM32WBA54CEU7, STM32WBA54CEU7TR, STM32WBA54CGU6, STM32WBA54CGU6TR, STM32WBA54CGU7, STM32WBA54CGU7TR, STM32WBA54KEU6, STM32WBA54KEU6TR, STM32WBA54KEU7, STM32WBA54KEU7TR, STM32WBA54KGU6, STM32WBA54KGU6TR, STM32WBA54KGU7, STM32WBA54KGU7TR, STM32WBA55CEU6, STM32WBA55CEU6TR, STM32WBA55CEU7, STM32WBA55CEU7TR, STM32WBA55CGU6, STM32WBA55CGU6TR, STM32WBA55CGU6U, STM32WBA55CGU7, STM32WBA55CGU7TR, STM32WBA55G-DK1, STM32WBA55HEF6, STM32WBA55HEF7, STM32WBA55HGF6, STM32WBA55HGF7, STM32WBA55UEI6, STM32WBA55UEI6TR, STM32WBA55UEI7, STM32WBA55UEI7TR, STM32WBA55UGI6, STM32WBA55UGI6TR, STM32WBA55UGI7, STM32WBA55UGI7TR, STM32WL5MOCH6, STM32WL5MOCH6TR]
2024-03-19 11:04:44,614 [INFO] DbMcus:218 - Found 3986 MCUs, 3986 are supported
2024-03-19 11:04:44,615 [INFO] ApiDb:423 - Load user favorites file C:\Users\A/.stm32cubeide/favorites.mcus.txt: 3 item(s)
2024-03-19 11:04:44,615 [INFO] ApiDb:427 - User favorites MCUs=[STM32F401RET6, STM32F401RET6TR, STM32F401RET7]
2024-03-19 11:04:44,615 [INFO] DbMcus:224 - Set 3 / 3 favorites MCUs
2024-03-19 11:04:45,548 [INFO] BoardInfo:889 - No configuration file found for board P-NUCLEO-WB55
2024-03-19 11:04:45,548 [INFO] DbBoards:161 - Kit is not supported: P-NUCLEO-WB55
2024-03-19 11:04:45,560 [INFO] BoardInfo:889 - No configuration file found for board STEVAL-BFA001V1B
2024-03-19 11:04:45,561 [INFO] DbBoards:161 - Kit is not supported: STEVAL-BFA001V1B
2024-03-19 11:04:45,564 [INFO] BoardInfo:889 - No configuration file found for board STEVAL-BFA001V2B
2024-03-19 11:04:45,565 [INFO] DbBoards:161 - Kit is not supported: STEVAL-BFA001V2B
2024-03-19 11:04:45,874 [INFO] DbBoards:168 - Found 193 boards, 190 are supported
2024-03-19 11:04:45,874 [INFO] DbBoards:169 - Found 193 boards, 3 of them is supported for  Bsp
2024-03-19 11:04:45,879 [INFO] ApiDb:423 - Load user favorites file C:\Users\A/.stm32cubeide/favorites.boards.txt: 0 item(s)
2024-03-19 11:04:45,879 [INFO] ApiDb:427 - User favorites Boards=[]
2024-03-19 11:04:45,879 [INFO] DbBoards:198 - Set 0 / 0 favorites Boards
2024-03-19 11:04:45,880 [INFO] McuFinderGlobals:76 - Set McuFinderConnectedMode to true
2024-03-19 11:04:45,892 [INFO] MultiScanPanel:200 - Auto-refresh data requested => check proxy status ongoing
2024-03-19 11:04:45,896 [INFO] FinderPluginLoader:95 - Searching for filters in installed packs
2024-03-19 11:04:48,852 [INFO] LoadUrlFilesThread:185 - End of LoadServerUrlFiles without Thread
2024-03-19 11:04:48,867 [INFO] DetailPanel:341 - Set advertising image to C:/Users/A/STM32Cube/Repository/\en.prom-stm32wl3-mcu-finder.jpg
2024-03-19 11:05:29,682 [INFO] McuFinderGlobals:76 - Set McuFinderConnectedMode to true
2024-03-19 11:05:29,688 [INFO] ApiDb:448 - Save user favorites file C:\Users\A/.stm32cubeide/favorites.mcus.txt: 3 item(s)
2024-03-19 11:05:29,689 [INFO] ApiDb:452 - User favorites MCUs=[STM32F401RET6, STM32F401RET6TR, STM32F401RET7]
2024-03-19 11:36:23,124 [INFO] Activator:176 - 


2024-03-19 11:36:23,128 [INFO] Activator:177 - !SESSION log4j initialized
2024-03-19 11:36:33,825 [INFO] LogOutputStream:77 - [STDOUT_REDIRECT] 
2024-03-19 11:36:40,141 [INFO] ApplicationProperties:184 - Using Application install path: C:\ST\STM32CubeIDE_1.14.1\STM32CubeIDE\plugins\com.st.stm32cube.common.mx_6.10.0.202311202037
2024-03-19 11:36:40,169 [INFO] DbMcusXml:78 - Set database path to: C:\ST\STM32CubeIDE_1.14.1\STM32CubeIDE\plugins\com.st.stm32cube.common.mx_6.10.0.202311202037\\db\/mcu/
2024-03-19 11:36:40,169 [INFO] ApiDb:274 - Set plugin database path to: C:\ST\STM32CubeIDE_1.14.1\STM32CubeIDE\plugins\com.st.stm32cube.common.mx_6.10.0.202311202037\\db\/plugins/boardmanager/
2024-03-19 11:36:40,170 [WARN] ApiDb:259 - Overriding images path with different value:  => C:\ST\STM32CubeIDE_1.14.1\STM32CubeIDE\plugins\com.st.stm32cube.common.mx_6.10.0.202311202037\\db\/plugins/mcufinder/images/
2024-03-19 11:36:40,180 [INFO] ApiDb:250 - Set database path to: C:\Users\A\.stmcufinder\plugins\mcufinder//mcu/
2024-03-19 11:36:40,182 [INFO] DbMcusAds:125 - Set database path to: C:\Users\A\.stmcufinder\plugins\mcufinder//mcu/
2024-03-19 11:36:40,186 [INFO] CrossReferenceDbSqlite:203 - Set database path to: C:\Users\A\.stmcufinder\plugins\mcufinder//mcu/cs/
2024-03-19 11:36:40,386 [INFO] RulesReader:64 - Compatibility file has been processed (297 Rules)
2024-03-19 11:36:40,529 [INFO] DbMcusXml:78 - Set database path to: C:\ST\STM32CubeIDE_1.14.1\STM32CubeIDE\plugins\com.st.stm32cube.common.mx_6.10.0.202311202037\\db\/mcu/
2024-03-19 11:36:40,529 [INFO] ApiDb:274 - Set plugin database path to: C:\ST\STM32CubeIDE_1.14.1\STM32CubeIDE\plugins\com.st.stm32cube.common.mx_6.10.0.202311202037\\db\/plugins/boardmanager/
2024-03-19 11:36:40,529 [INFO] ApiDb:261 - Set plugin images path to: C:\ST\STM32CubeIDE_1.14.1\STM32CubeIDE\plugins\com.st.stm32cube.common.mx_6.10.0.202311202037\\db\/plugins/mcufinder/images/
2024-03-19 11:36:40,529 [WARN] DbFile:41 - Overriding database path with different value: C:\Users\A\.stmcufinder\plugins\mcufinder/ => C:\Users\A\.stmcufinder\plugins\mcufinder
2024-03-19 11:36:40,529 [INFO] ApiDb:250 - Set database path to: C:\Users\A\.stmcufinder\plugins\mcufinder//mcu/
2024-03-19 11:36:40,529 [WARN] DbFile:41 - Overriding database path with different value: C:\Users\A\.stmcufinder\plugins\mcufinder/ => C:\Users\A\.stmcufinder\plugins\mcufinder
2024-03-19 11:36:40,530 [INFO] DbMcusAds:125 - Set database path to: C:\Users\A\.stmcufinder\plugins\mcufinder//mcu/
2024-03-19 11:36:40,530 [WARN] DbFile:41 - Overriding database path with different value: C:\Users\A\.stmcufinder\plugins\mcufinder/ => C:\Users\A\.stmcufinder\plugins\mcufinder
2024-03-19 11:36:40,530 [WARN] DbFile:41 - Overriding database path with different value: C:\Users\A\.stmcufinder\plugins\mcufinder/ => C:\Users\A\.stmcufinder\plugins\mcufinder
2024-03-19 11:36:40,530 [INFO] CrossReferenceDbSqlite:203 - Set database path to: C:\Users\A\.stmcufinder\plugins\mcufinder//mcu/cs/
2024-03-19 11:36:40,638 [INFO] MainPanel:264 - HeapMemory: 268435456
2024-03-19 11:36:40,769 [INFO] DbMcusXml:78 - Set database path to: C:\ST\STM32CubeIDE_1.14.1\STM32CubeIDE\plugins\com.st.stm32cube.common.mx_6.10.0.202311202037\\db\/mcu/
2024-03-19 11:36:40,769 [INFO] ApiDb:274 - Set plugin database path to: C:\ST\STM32CubeIDE_1.14.1\STM32CubeIDE\plugins\com.st.stm32cube.common.mx_6.10.0.202311202037\\db\/plugins/boardmanager/
2024-03-19 11:36:40,769 [INFO] ApiDb:261 - Set plugin images path to: C:\ST\STM32CubeIDE_1.14.1\STM32CubeIDE\plugins\com.st.stm32cube.common.mx_6.10.0.202311202037\\db\/plugins/mcufinder/images/
2024-03-19 11:36:40,770 [WARN] DbFile:41 - Overriding database path with different value: C:\Users\A\.stmcufinder\plugins\mcufinder/ => C:\Users\A\.stmcufinder\plugins\mcufinder
2024-03-19 11:36:40,770 [INFO] ApiDb:250 - Set database path to: C:\Users\A\.stmcufinder\plugins\mcufinder//mcu/
2024-03-19 11:36:40,770 [WARN] DbFile:41 - Overriding database path with different value: C:\Users\A\.stmcufinder\plugins\mcufinder/ => C:\Users\A\.stmcufinder\plugins\mcufinder
2024-03-19 11:36:40,770 [INFO] DbMcusAds:125 - Set database path to: C:\Users\A\.stmcufinder\plugins\mcufinder//mcu/
2024-03-19 11:36:40,770 [WARN] DbFile:41 - Overriding database path with different value: C:\Users\A\.stmcufinder\plugins\mcufinder/ => C:\Users\A\.stmcufinder\plugins\mcufinder
2024-03-19 11:36:40,770 [WARN] DbFile:41 - Overriding database path with different value: C:\Users\A\.stmcufinder\plugins\mcufinder/ => C:\Users\A\.stmcufinder\plugins\mcufinder
2024-03-19 11:36:40,770 [INFO] CrossReferenceDbSqlite:203 - Set database path to: C:\Users\A\.stmcufinder\plugins\mcufinder//mcu/cs/
2024-03-19 11:36:40,798 [INFO] ApplicationProperties:184 - Using Application install path: C:\ST\STM32CubeIDE_1.14.1\STM32CubeIDE\plugins\com.st.stm32cube.common.mx_6.10.0.202311202037
2024-03-19 11:36:40,800 [INFO] PluginManage:196 - Search for loadable plugins [exclusion list=, ]
2024-03-19 11:36:40,802 [INFO] PluginManage:310 - Check plugin analytics
2024-03-19 11:36:45,676 [INFO] AnalyticsPlugin:253 - Accepted Software Licenses: 
2024-03-19 11:36:45,677 [INFO] AnalyticsPlugin:255 - Accepted CMSIS Pack Licenses: 
2024-03-19 11:36:45,677 [INFO] AnalyticsPlugin:257 - Accepted Firmware Licenses: 
2024-03-19 11:36:45,682 [INFO] PluginManage:359 - Loaded plugin analytics (category:tool,tabindex:-1)
2024-03-19 11:36:45,682 [INFO] PluginManage:310 - Check plugin cadmodel
2024-03-19 11:36:45,715 [INFO] CADModel:105 - Init CAD model plugin
2024-03-19 11:36:45,716 [INFO] PluginManage:359 - Loaded plugin cadmodel (category:power,tabindex:5)
2024-03-19 11:36:45,716 [INFO] PluginManage:310 - Check plugin clock
2024-03-19 11:36:45,771 [INFO] PluginManage:359 - Loaded plugin clock (category:base,tabindex:2)
2024-03-19 11:36:45,771 [INFO] PluginManage:310 - Check plugin ddr
2024-03-19 11:36:45,776 [INFO] PluginManage:359 - Loaded plugin ddr (category:tool,tabindex:6)
2024-03-19 11:36:45,776 [INFO] PluginManage:310 - Check plugin filemanager
2024-03-19 11:36:46,057 [INFO] PluginManage:359 - Loaded plugin filemanager (category:base,tabindex:10)
2024-03-19 11:36:46,058 [INFO] PluginManage:310 - Check plugin ipmanager
2024-03-19 11:36:46,119 [INFO] PluginManage:359 - Loaded plugin ipmanager (category:base,tabindex:5)
2024-03-19 11:36:46,120 [INFO] PluginManage:310 - Check plugin lpbam
2024-03-19 11:36:46,155 [INFO] PluginManage:359 - Loaded plugin lpbam (category:base,tabindex:0)
2024-03-19 11:36:46,155 [INFO] PluginManage:310 - Check plugin memorymap
2024-03-19 11:36:46,271 [INFO] PluginManage:359 - Loaded plugin memorymap (category:base,tabindex:4)
2024-03-19 11:36:46,273 [INFO] PluginManage:310 - Check plugin pinoutandconfiguration
2024-03-19 11:36:46,334 [INFO] PluginManage:359 - Loaded plugin pinoutandconfiguration (category:base,tabindex:1)
2024-03-19 11:36:46,334 [INFO] PluginManage:310 - Check plugin pinoutconfig
2024-03-19 11:36:46,526 [WARN] SupportedApi:132 - Cannot load RTOS API schema: s4s-elt-must-match.1: The content of 'definitions' must match (annotation?, (simpleType | complexType)?, (unique | key | keyref)*)). A problem was found starting at: attribute.
2024-03-19 11:36:46,780 [INFO] PluginManage:359 - Loaded plugin pinoutconfig (category:base,tabindex:0)
2024-03-19 11:36:46,780 [INFO] PluginManage:310 - Check plugin power
2024-03-19 11:36:46,821 [INFO] PluginManage:359 - Loaded plugin power (category:power,tabindex:4)
2024-03-19 11:36:46,821 [INFO] PluginManage:310 - Check plugin projectmanager
2024-03-19 11:36:46,851 [INFO] PluginManage:359 - Loaded plugin projectmanager (category:projectmanager,tabindex:3)
2024-03-19 11:36:46,851 [INFO] PluginManage:310 - Check plugin thirdparty
2024-03-19 11:36:47,340 [INFO] PluginManage:359 - Loaded plugin thirdparty (category:base,tabindex:-1)
2024-03-19 11:36:47,340 [INFO] PluginManage:310 - Check plugin tools
2024-03-19 11:36:47,340 [WARN] IntegrityCheckThread:84 - waiting for thirdparty lock release [integrity check]
2024-03-19 11:36:47,342 [INFO] IntegrityCheckThread:86 - entering critical section [integrity check]
2024-03-19 11:36:47,342 [INFO] ThirdPartyUpdaterWithRetryManager:70 - Updater plugin not ready yet. [1/15]
2024-03-19 11:36:47,345 [INFO] PluginManage:359 - Loaded plugin tools (category:base,tabindex:7)
2024-03-19 11:36:47,345 [INFO] PluginManage:310 - Check plugin tutovideos
2024-03-19 11:36:47,697 [INFO] PluginManage:359 - Loaded plugin tutovideos (category:base,tabindex:-1)
2024-03-19 11:36:47,698 [INFO] PluginManage:310 - Check plugin updater
2024-03-19 11:36:47,718 [INFO] PluginManage:359 - Loaded plugin updater (category:base,tabindex:12)
2024-03-19 11:36:47,718 [INFO] PluginManage:310 - Check plugin userauth
2024-03-19 11:36:47,726 [INFO] UserAuth:114 - Init User Auth plugin
2024-03-19 11:36:47,726 [INFO] PluginManage:359 - Loaded plugin userauth (category:base,tabindex:14)
2024-03-19 11:36:47,727 [INFO] PluginManage:283 - PluginManage : Loaded plugins [17]
2024-03-19 11:36:48,096 [INFO] PinOutPanel:1499 - setPackage(No Configuration,No Configuration)
2024-03-19 11:36:48,230 [INFO] CADModel:165 - CPN selected for project level
2024-03-19 11:36:48,230 [INFO] CADModel:114 - Register for checkConnection events
2024-03-19 11:36:48,267 [INFO] IPUIPlugin:80 - create IPUIPlugin
2024-03-19 11:36:48,268 [INFO] PluginManager:220 - loadIPPluginJar : add adc
2024-03-19 11:36:48,322 [INFO] IPUIPlugin:80 - create IPUIPlugin
2024-03-19 11:36:48,322 [INFO] PluginManager:220 - loadIPPluginJar : add aes
2024-03-19 11:36:48,382 [INFO] IPUIPlugin:80 - create IPUIPlugin
2024-03-19 11:36:48,383 [INFO] PluginManager:220 - loadIPPluginJar : add can
2024-03-19 11:36:48,420 [INFO] IPUIPlugin:80 - create IPUIPlugin
2024-03-19 11:36:48,420 [INFO] PluginManager:220 - loadIPPluginJar : add comp
2024-03-19 11:36:48,472 [INFO] IPUIPlugin:80 - create IPUIPlugin
2024-03-19 11:36:48,472 [INFO] PluginManager:220 - loadIPPluginJar : add cryp
2024-03-19 11:36:48,477 [INFO] IPUIPlugin:80 - create IPUIPlugin
2024-03-19 11:36:48,478 [INFO] PluginManager:220 - loadIPPluginJar : add dfsdm
2024-03-19 11:36:48,501 [INFO] IPUIPlugin:80 - create IPUIPlugin
2024-03-19 11:36:48,502 [INFO] PluginManager:220 - loadIPPluginJar : add dma
2024-03-19 11:36:48,620 [INFO] IPUIPlugin:80 - create IPUIPlugin
2024-03-19 11:36:48,620 [INFO] PluginManager:220 - loadIPPluginJar : add dma3
2024-03-19 11:36:48,684 [INFO] IPUIPlugin:80 - create IPUIPlugin
2024-03-19 11:36:48,685 [INFO] PluginManager:220 - loadIPPluginJar : add fatfs
2024-03-19 11:36:48,857 [INFO] IPUIPlugin:80 - create IPUIPlugin
2024-03-19 11:36:48,858 [INFO] PluginManager:220 - loadIPPluginJar : add fmc
2024-03-19 11:36:48,887 [INFO] IPUIPlugin:80 - create IPUIPlugin
2024-03-19 11:36:48,887 [INFO] PluginManager:220 - loadIPPluginJar : add freertos
2024-03-19 11:36:48,932 [INFO] IPUIPlugin:80 - create IPUIPlugin
2024-03-19 11:36:48,932 [INFO] PluginManager:220 - loadIPPluginJar : add genericplugin
2024-03-19 11:36:49,140 [INFO] IPUIPlugin:80 - create IPUIPlugin
2024-03-19 11:36:49,140 [INFO] PluginManager:220 - loadIPPluginJar : add gfxmmu
2024-03-19 11:36:49,414 [INFO] IPUIPlugin:80 - create IPUIPlugin
2024-03-19 11:36:49,414 [INFO] PluginManager:220 - loadIPPluginJar : add gic
2024-03-19 11:36:49,441 [INFO] IPUIPlugin:80 - create IPUIPlugin
2024-03-19 11:36:49,442 [INFO] PluginManager:220 - loadIPPluginJar : add gpio
2024-03-19 11:36:49,628 [INFO] IPUIPlugin:80 - create IPUIPlugin
2024-03-19 11:36:49,628 [INFO] PluginManager:220 - loadIPPluginJar : add gtzc
2024-03-19 11:36:49,690 [INFO] IPUIPlugin:80 - create IPUIPlugin
2024-03-19 11:36:49,690 [INFO] PluginManager:220 - loadIPPluginJar : add hash
2024-03-19 11:36:49,794 [INFO] IPUIPlugin:80 - create IPUIPlugin
2024-03-19 11:36:49,794 [INFO] PluginManager:220 - loadIPPluginJar : add i2c
2024-03-19 11:36:49,871 [INFO] IPUIPlugin:80 - create IPUIPlugin
2024-03-19 11:36:49,871 [INFO] PluginManager:220 - loadIPPluginJar : add i2s
2024-03-19 11:36:49,974 [INFO] IPUIPlugin:80 - create IPUIPlugin
2024-03-19 11:36:49,974 [INFO] PluginManager:220 - loadIPPluginJar : add i3c
2024-03-19 11:36:50,230 [INFO] IPUIPlugin:80 - create IPUIPlugin
2024-03-19 11:36:50,230 [INFO] PluginManager:220 - loadIPPluginJar : add ipddr
2024-03-19 11:36:50,351 [INFO] ThirdPartyUpdaterWithRetryManager:70 - Updater plugin not ready yet. [2/15]
2024-03-19 11:36:50,502 [INFO] IPUIPlugin:80 - create IPUIPlugin
2024-03-19 11:36:50,502 [INFO] PluginManager:220 - loadIPPluginJar : add linkedlist
2024-03-19 11:36:50,638 [INFO] IPUIPlugin:80 - create IPUIPlugin
2024-03-19 11:36:50,638 [INFO] PluginManager:220 - loadIPPluginJar : add lorawan
2024-03-19 11:36:50,802 [INFO] IPUIPlugin:80 - create IPUIPlugin
2024-03-19 11:36:50,803 [INFO] PluginManager:220 - loadIPPluginJar : add ltdc
2024-03-19 11:36:50,847 [INFO] IPUIPlugin:80 - create IPUIPlugin
2024-03-19 11:36:50,848 [INFO] PluginManager:220 - loadIPPluginJar : add mdma
2024-03-19 11:36:50,928 [INFO] IPUIPlugin:80 - create IPUIPlugin
2024-03-19 11:36:50,929 [INFO] PluginManager:220 - loadIPPluginJar : add nvic
2024-03-19 11:36:51,064 [INFO] IPUIPlugin:80 - create IPUIPlugin
2024-03-19 11:36:51,064 [INFO] PluginManager:220 - loadIPPluginJar : add opamp
2024-03-19 11:36:51,303 [INFO] IPUIPlugin:80 - create IPUIPlugin
2024-03-19 11:36:51,303 [INFO] PluginManager:220 - loadIPPluginJar : add openamp
2024-03-19 11:36:51,396 [INFO] IPUIPlugin:80 - create IPUIPlugin
2024-03-19 11:36:51,396 [INFO] PluginManager:220 - loadIPPluginJar : add pdm2pcm
2024-03-19 11:36:51,426 [INFO] IPUIPlugin:80 - create IPUIPlugin
2024-03-19 11:36:51,430 [INFO] PluginManager:220 - loadIPPluginJar : add plateformsettings
2024-03-19 11:36:51,483 [INFO] IPUIPlugin:80 - create IPUIPlugin
2024-03-19 11:36:51,483 [INFO] PluginManager:220 - loadIPPluginJar : add quadspi
2024-03-19 11:36:51,506 [INFO] IPUIPlugin:80 - create IPUIPlugin
2024-03-19 11:36:51,506 [INFO] PluginManager:220 - loadIPPluginJar : add resmgrutility
2024-03-19 11:36:51,620 [INFO] IPUIPlugin:80 - create IPUIPlugin
2024-03-19 11:36:51,621 [INFO] PluginManager:220 - loadIPPluginJar : add sai
2024-03-19 11:36:51,831 [INFO] IPUIPlugin:80 - create IPUIPlugin
2024-03-19 11:36:51,831 [INFO] PluginManager:220 - loadIPPluginJar : add spi
2024-03-19 11:36:52,007 [INFO] IPUIPlugin:80 - create IPUIPlugin
2024-03-19 11:36:52,007 [INFO] PluginManager:220 - loadIPPluginJar : add stm32_wpan
2024-03-19 11:36:52,050 [INFO] IPUIPlugin:80 - create IPUIPlugin
2024-03-19 11:36:52,050 [INFO] PluginManager:220 - loadIPPluginJar : add tim
2024-03-19 11:36:52,144 [INFO] IPUIPlugin:80 - create IPUIPlugin
2024-03-19 11:36:52,145 [INFO] PluginManager:220 - loadIPPluginJar : add touchsensing
2024-03-19 11:36:52,185 [INFO] IPUIPlugin:80 - create IPUIPlugin
2024-03-19 11:36:52,185 [INFO] PluginManager:220 - loadIPPluginJar : add tracer_emb
2024-03-19 11:36:52,189 [INFO] IPUIPlugin:80 - create IPUIPlugin
2024-03-19 11:36:52,190 [INFO] PluginManager:220 - loadIPPluginJar : add ts
2024-03-19 11:36:52,228 [INFO] IPUIPlugin:80 - create IPUIPlugin
2024-03-19 11:36:52,228 [INFO] PluginManager:220 - loadIPPluginJar : add tsc
2024-03-19 11:36:52,261 [INFO] IPUIPlugin:80 - create IPUIPlugin
2024-03-19 11:36:52,261 [INFO] PluginManager:220 - loadIPPluginJar : add ucpd
2024-03-19 11:36:52,354 [INFO] IPUIPlugin:80 - create IPUIPlugin
2024-03-19 11:36:52,355 [INFO] PluginManager:220 - loadIPPluginJar : add usart
2024-03-19 11:36:52,476 [INFO] IPUIPlugin:80 - create IPUIPlugin
2024-03-19 11:36:52,476 [INFO] PluginManager:220 - loadIPPluginJar : add usbx
2024-03-19 11:36:52,661 [INFO] CADModel:165 - CPN selected for project level
2024-03-19 11:36:52,662 [INFO] CADModel:114 - Register for checkConnection events
2024-03-19 11:36:52,662 [FATAL] Updater:308 - Updater called before beeing initialized
2024-03-19 11:36:52,671 [ERROR] CADModel:125 - Updater not yet initialized, retry later 
2024-03-19 11:36:52,971 [INFO] CADModel:165 - CPN selected for project level
2024-03-19 11:36:52,971 [INFO] CADModel:114 - Register for checkConnection events
2024-03-19 11:36:52,971 [FATAL] Updater:308 - Updater called before beeing initialized
2024-03-19 11:36:52,971 [ERROR] CADModel:125 - Updater not yet initialized, retry later 
2024-03-19 11:36:52,977 [FATAL] Updater:308 - Updater called before beeing initialized
2024-03-19 11:36:53,274 [FATAL] Updater:308 - Updater called before beeing initialized
2024-03-19 11:36:53,292 [INFO] DbMcusAds:53 - JSON generation date=Wed Nov 29 11:52:27 CET 2023 (1701255147349)
2024-03-19 11:36:53,293 [FATAL] Updater:308 - Updater called before beeing initialized
2024-03-19 11:36:53,352 [INFO] ThirdPartyUpdaterWithRetryManager:70 - Updater plugin not ready yet. [3/15]
2024-03-19 11:36:53,415 [WARN] DetailPanel:346 - Failed to get advertising image, set to default
2024-03-19 11:36:53,568 [FATAL] Updater:308 - Updater called before beeing initialized
2024-03-19 11:36:53,570 [FATAL] Updater:308 - Updater called before beeing initialized
2024-03-19 11:36:53,571 [FATAL] Updater:308 - Updater called before beeing initialized
2024-03-19 11:36:53,571 [WARN] DetailPanel:346 - Failed to get advertising image, set to default
2024-03-19 11:36:53,572 [FATAL] Updater:308 - Updater called before beeing initialized
2024-03-19 11:36:53,656 [ERROR] Updater:1120 - MainUpdater not yet initialized. External WinMGr cannot be set.
2024-03-19 11:36:53,672 [INFO] Updater:1056 - Updater Version found : 6.10.0
2024-03-19 11:36:53,698 [INFO] ApplicationProperties:184 - Using Application install path: C:\ST\STM32CubeIDE_1.14.1\STM32CubeIDE\plugins\com.st.stm32cube.common.mx_6.10.0.202311202037
2024-03-19 11:36:55,286 [ERROR] LogOutputStream:75 - [STDERR_REDIRECT] Mar 19, 2024 11:36:55 AM java.util.prefs.WindowsPreferences <init>
2024-03-19 11:36:55,291 [ERROR] LogOutputStream:75 - [STDERR_REDIRECT] WARNING: Could not open/create prefs root node Software\JavaSoft\Prefs at root 0xffffffff80000002. Windows RegCreateKeyEx(...) returned error code 5.
2024-03-19 11:36:55,291 [ERROR] LogOutputStream:75 - [STDERR_REDIRECT] 
2024-03-19 11:36:55,793 [INFO] MainUpdater:2873 - connection check result : 10
2024-03-19 11:36:55,794 [INFO] MainUpdater:290 - Updater Check For Update Now.
2024-03-19 11:36:55,794 [INFO] MicroXplorer:498 - Change Database Version : DB.6.0.100
2024-03-19 11:36:55,827 [INFO] McuFinderGlobals:63 - Set McuFinder mode to 2 (CubeIDE integrated)
2024-03-19 11:36:55,827 [INFO] UserAuth:180 - activating auth plugin
2024-03-19 11:36:55,838 [INFO] UserAuth:404 - Internet connection configuration mode: 1
2024-03-19 11:36:55,890 [INFO] JxBrowserEngine:152 - Initiate JxBrowser Engine with user profile folder
2024-03-19 11:36:56,115 [INFO] CheckServerUpdateThread:120 - End of CheckServer Thread
2024-03-19 11:36:56,645 [WARN] PackLoader:240 - Cannot read IP mode file for STMicroelectronics.X-CUBE-SMBUS.2.1.0
2024-03-19 11:36:56,687 [WARN] PackLoader:240 - Cannot read IP mode file for STMicroelectronics.X-CUBE-TOUCHGFX.4.23.0
2024-03-19 11:36:56,710 [WARN] PackLoader:240 - Cannot read IP mode file for STMicroelectronics.X-CUBE-AI.7.1.0
2024-03-19 11:36:56,754 [WARN] PackLoader:240 - Cannot read IP mode file for STMicroelectronics.FP-SNS-MOTENV1.4.3.2
2024-03-19 11:36:56,811 [WARN] PackLoader:240 - Cannot read IP mode file for STMicroelectronics.X-CUBE-BLE1.6.2.4
2024-03-19 11:36:56,841 [WARN] PackLoader:240 - Cannot read IP mode file for STMicroelectronics.X-CUBE-BLE1.6.2.2
2024-03-19 11:36:56,868 [WARN] PackLoader:240 - Cannot read IP mode file for STMicroelectronics.FP-SNS-FLIGHT1.5.0.2
2024-03-19 11:36:56,899 [WARN] PackLoader:240 - Cannot read IP mode file for STMicroelectronics.X-CUBE-BLE2.3.2.2
2024-03-19 11:36:56,943 [WARN] PackLoader:240 - Cannot read IP mode file for STMicroelectronics.X-CUBE-DISPLAY.3.0.0
2024-03-19 11:36:56,992 [WARN] PackLoader:240 - Cannot read IP mode file for STMicroelectronics.X-CUBE-BLE1.7.0.0
2024-03-19 11:36:57,022 [WARN] PackLoader:240 - Cannot read IP mode file for STMicroelectronics.X-CUBE-TOUCHGFX.4.22.1
2024-03-19 11:36:57,068 [WARN] PackLoader:240 - Cannot read IP mode file for STMicroelectronics.X-CUBE-SUBG2.4.2.0
2024-03-19 11:36:57,122 [WARN] PackLoader:240 - Cannot read IP mode file for STMicroelectronics.X-CUBE-BLEMGR.3.1.0
2024-03-19 11:36:57,152 [WARN] PackLoader:240 - Cannot read IP mode file for STMicroelectronics.FP-SNS-SMARTAG2.1.2.0
2024-03-19 11:36:57,194 [INFO] LogOutputStream:77 - [STDOUT_REDIRECT] 1 : Invalid condition id : UX_CORESTACK_Condition cause : null
2024-03-19 11:36:57,195 [INFO] LogOutputStream:77 - [STDOUT_REDIRECT] 1 : Invalid condition id : UX_CORESTACK_Condition cause : null
2024-03-19 11:36:57,201 [INFO] LogOutputStream:77 - [STDOUT_REDIRECT] 1 : Invalid condition id : UX_CORESTACK_Condition cause : null
2024-03-19 11:36:57,203 [INFO] LogOutputStream:77 - [STDOUT_REDIRECT] 1 : Invalid condition id : UX_CORESTACK_Condition cause : null
2024-03-19 11:36:57,206 [INFO] LogOutputStream:77 - [STDOUT_REDIRECT] 1 : Invalid condition id : UX_CORESTACK_Condition cause : null
2024-03-19 11:36:57,221 [WARN] PackLoader:240 - Cannot read IP mode file for STMicroelectronics.X-CUBE-AZRTOS-WL.2.0.0
2024-03-19 11:36:57,252 [WARN] PackLoader:240 - Cannot read IP mode file for STMicroelectronics.X-CUBE-ALGOBUILD.1.2.1
2024-03-19 11:36:57,280 [WARN] PackLoader:240 - Cannot read IP mode file for WES.I-CUBE-Cesium.1.3.0
2024-03-19 11:36:57,306 [WARN] PackLoader:240 - Cannot read IP mode file for STMicroelectronics.X-CUBE-DISPLAY.2.2.0
2024-03-19 11:36:57,382 [WARN] PackLoader:240 - Cannot read IP mode file for STMicroelectronics.X-CUBE-TOF1.3.2.0
2024-03-19 11:36:57,442 [WARN] PackLoader:240 - Cannot read IP mode file for STMicroelectronics.X-CUBE-TOUCHGFX.4.18.1
2024-03-19 11:36:57,461 [WARN] PackLoader:240 - Cannot read IP mode file for STMicroelectronics.X-CUBE-TOUCHGFX.4.21.0
2024-03-19 11:36:57,487 [WARN] PackLoader:240 - Cannot read IP mode file for STMicroelectronics.X-CUBE-TOUCHGFX.4.21.3
2024-03-19 11:36:57,630 [WARN] PackLoader:240 - Cannot read IP mode file for STMicroelectronics.X-CUBE-MEMS1.9.4.0
2024-03-19 11:36:57,940 [WARN] PackLoader:240 - Cannot read IP mode file for STMicroelectronics.X-CUBE-AI.7.3.0
2024-03-19 11:36:57,976 [WARN] PackLoader:240 - Cannot read IP mode file for STMicroelectronics.X-CUBE-NFC4.3.0.0
2024-03-19 11:36:58,009 [WARN] PackLoader:240 - Cannot read IP mode file for STMicroelectronics.X-CUBE-BLEMGR.3.0.0
2024-03-19 11:36:58,039 [WARN] PackLoader:240 - Cannot read IP mode file for STMicroelectronics.X-CUBE-BLEMGR.1.3.0
2024-03-19 11:36:58,110 [WARN] PackLoader:240 - Cannot read IP mode file for STMicroelectronics.X-CUBE-AZRTOS-H7.2.0.0
2024-03-19 11:36:58,158 [WARN] PackLoader:240 - Cannot read IP mode file for STMicroelectronics.X-CUBE-EEPRMA1.5.1.0
2024-03-19 11:36:58,293 [WARN] PackLoader:240 - Cannot read IP mode file for STMicroelectronics.X-CUBE-MEMS1.9.5.0
2024-03-19 11:36:58,737 [WARN] PackLoader:240 - Cannot read IP mode file for SEGGER.I-CUBE-embOS.1.3.1
2024-03-19 11:36:58,965 [WARN] PackLoader:240 - Cannot read IP mode file for SEGGER.I-CUBE-embOS.1.3.0
2024-03-19 11:36:59,066 [WARN] PackLoader:240 - Cannot read IP mode file for STMicroelectronics.X-CUBE-DISPLAY.2.0.1
2024-03-19 11:36:59,168 [WARN] PackLoader:240 - Cannot read IP mode file for STMicroelectronics.X-CUBE-AZRTOS-L5.2.0.0
2024-03-19 11:36:59,299 [WARN] PackLoader:240 - Cannot read IP mode file for STMicroelectronics.X-CUBE-MEMS1.9.6.0
2024-03-19 11:36:59,655 [WARN] PackLoader:240 - Cannot read IP mode file for STMicroelectronics.X-CUBE-EEPRMA1.4.2.0
2024-03-19 11:36:59,681 [WARN] PackLoader:240 - Cannot read IP mode file for STMicroelectronics.X-CUBE-NFC6.3.1.0
2024-03-19 11:36:59,708 [WARN] PackLoader:240 - Cannot read IP mode file for ITTIA_DB.I-CUBE-ITTIADB.8.8.0
2024-03-19 11:36:59,738 [WARN] PackLoader:240 - Cannot read IP mode file for emotas.I-CUBE-CANOPEN.1.1.3
2024-03-19 11:36:59,776 [WARN] PackLoader:240 - Cannot read IP mode file for STMicroelectronics.X-CUBE-BLEMGR.2.0.0
2024-03-19 11:36:59,829 [WARN] PackLoader:240 - Cannot read IP mode file for STMicroelectronics.X-CUBE-NFC4.2.0.5
2024-03-19 11:36:59,923 [WARN] PackLoader:240 - Cannot read IP mode file for STMicroelectronics.X-CUBE-NFC4.2.0.3
2024-03-19 11:37:00,001 [WARN] ConditionMgr:438 - getConditionDescription Invalid condition id : UX DEVICE CLASS RTOS Condition cause : null
2024-03-19 11:37:00,001 [WARN] ConditionMgr:438 - getConditionDescription Invalid condition id : UX DEVICE CLASS RTOS Condition cause : null
2024-03-19 11:37:00,009 [WARN] PackLoader:240 - Cannot read IP mode file for STMicroelectronics.X-CUBE-AZRTOS-H7.3.1.0
2024-03-19 11:37:00,011 [WARN] ConditionMgr:1039 - genDependencies : Invalid condition id : UX DEVICE CLASS RTOS Condition cause : null
2024-03-19 11:37:00,012 [WARN] ConditionMgr:1039 - genDependencies : Invalid condition id : UX DEVICE CLASS RTOS Condition cause : null
2024-03-19 11:37:00,015 [WARN] ConditionMgr:1039 - genDependencies : Invalid condition id : UX DEVICE CLASS RTOS Condition cause : null
2024-03-19 11:37:00,016 [WARN] ConditionMgr:1039 - genDependencies : Invalid condition id : UX DEVICE CLASS RTOS Condition cause : null
2024-03-19 11:37:00,016 [WARN] ConditionMgr:1039 - genDependencies : Invalid condition id : UX DEVICE CLASS RTOS Condition cause : null
2024-03-19 11:37:00,123 [WARN] PackLoader:240 - Cannot read IP mode file for STMicroelectronics.X-CUBE-AZRTOS-F4.1.0.0
2024-03-19 11:37:00,213 [WARN] PackLoader:240 - Cannot read IP mode file for STMicroelectronics.X-CUBE-TOF1.2.0.0
2024-03-19 11:37:00,248 [WARN] PackLoader:240 - Cannot read IP mode file for STMicroelectronics.X-CUBE-NFC7.1.0.1
2024-03-19 11:37:00,271 [WARN] PackLoader:240 - Cannot read IP mode file for STMicroelectronics.X-CUBE-NFC7.1.0.0
2024-03-19 11:37:00,302 [WARN] PackLoader:240 - Cannot read IP mode file for STMicroelectronics.X-CUBE-NFC6.3.0.0
2024-03-19 11:37:00,328 [WARN] PackLoader:240 - Cannot read IP mode file for STMicroelectronics.X-CUBE-EEPRMA1.4.1.0
2024-03-19 11:37:00,358 [WARN] PackLoader:240 - Cannot read IP mode file for STMicroelectronics.X-CUBE-AI.8.1.0
2024-03-19 11:37:00,413 [WARN] PackLoader:240 - Cannot read IP mode file for STMicroelectronics.X-CUBE-AZRTOS-G0.1.0.0
2024-03-19 11:37:00,475 [WARN] ConditionMgr:438 - getConditionDescription Invalid condition id : LAN8742 Phy interface Condition cause : null
2024-03-19 11:37:00,476 [WARN] PackLoader:240 - Cannot read IP mode file for STMicroelectronics.X-CUBE-AZRTOS-L4.2.0.0
2024-03-19 11:37:00,478 [WARN] ConditionMgr:1039 - genDependencies : Invalid condition id : LAN8742 Phy interface Condition cause : null
2024-03-19 11:37:00,478 [WARN] ConditionMgr:1039 - genDependencies : Invalid condition id : LAN8742 Phy interface Condition cause : null
2024-03-19 11:37:00,481 [WARN] ConditionMgr:1039 - genDependencies : Invalid condition id : LAN8742 Phy interface Condition cause : null
2024-03-19 11:37:00,554 [WARN] PackLoader:240 - Cannot read IP mode file for STMicroelectronics.X-CUBE-AZRTOS-H7.3.0.0
2024-03-19 11:37:00,610 [WARN] PackLoader:240 - Cannot read IP mode file for STMicroelectronics.X-CUBE-ISPU.1.1.0
2024-03-19 11:37:00,651 [WARN] PackLoader:240 - Cannot read IP mode file for RoweBots.I-CUBE-UNISONRTOS.5.5.0-4
2024-03-19 11:37:00,709 [WARN] PackLoader:240 - Cannot read IP mode file for STMicroelectronics.X-CUBE-AI.8.0.0
2024-03-19 11:37:00,755 [WARN] ConditionMgr:438 - getConditionDescription Invalid condition id : UX DEVICE CLASS RTOS Condition cause : null
2024-03-19 11:37:00,755 [WARN] ConditionMgr:438 - getConditionDescription Invalid condition id : UX DEVICE CLASS RTOS Condition cause : null
2024-03-19 11:37:00,760 [WARN] PackLoader:240 - Cannot read IP mode file for STMicroelectronics.X-CUBE-AZRTOS-WB.2.0.0
2024-03-19 11:37:00,761 [WARN] ConditionMgr:1039 - genDependencies : Invalid condition id : UX DEVICE CLASS RTOS Condition cause : null
2024-03-19 11:37:00,761 [WARN] ConditionMgr:1039 - genDependencies : Invalid condition id : UX DEVICE CLASS RTOS Condition cause : null
2024-03-19 11:37:00,762 [WARN] ConditionMgr:1039 - genDependencies : Invalid condition id : UX DEVICE CLASS RTOS Condition cause : null
2024-03-19 11:37:00,763 [WARN] ConditionMgr:1039 - genDependencies : Invalid condition id : UX DEVICE CLASS RTOS Condition cause : null
2024-03-19 11:37:00,763 [WARN] ConditionMgr:1039 - genDependencies : Invalid condition id : UX DEVICE CLASS RTOS Condition cause : null
2024-03-19 11:37:00,808 [WARN] PackLoader:240 - Cannot read IP mode file for STMicroelectronics.X-CUBE-FREERTOS.1.0.0
2024-03-19 11:37:00,860 [WARN] PackLoader:240 - Cannot read IP mode file for STMicroelectronics.X-CUBE-AZRTOS-L5.1.1.0
2024-03-19 11:37:00,915 [WARN] PackLoader:240 - Cannot read IP mode file for STMicroelectronics.X-CUBE-TOF1.3.3.1
2024-03-19 11:37:00,978 [WARN] PackLoader:240 - Cannot read IP mode file for STMicroelectronics.X-CUBE-AZRTOS-G4.2.0.0
2024-03-19 11:37:01,096 [WARN] PackLoader:240 - Cannot read IP mode file for STMicroelectronics.X-CUBE-TOF1.3.3.0
2024-03-19 11:37:01,131 [WARN] PackLoader:240 - Cannot read IP mode file for STMicroelectronics.FP-ATR-ASTRA1.1.1.1
2024-03-19 11:37:01,216 [WARN] PackLoader:240 - Cannot read IP mode file for Infineon.AIROC-Wi-Fi-Bluetooth-STM32.1.5.1
2024-03-19 11:37:01,252 [WARN] PackLoader:240 - Cannot read IP mode file for STMicroelectronics.FP-SNS-MOTENVWB1.1.3.1
2024-03-19 11:37:01,298 [WARN] PackLoader:240 - Cannot read IP mode file for STMicroelectronics.X-CUBE-AZRTOS-G4.1.0.0
2024-03-19 11:37:01,353 [WARN] PackLoader:240 - Cannot read IP mode file for STMicroelectronics.X-CUBE-AZRTOS-L4.1.0.0
2024-03-19 11:37:01,395 [WARN] PackLoader:240 - Cannot read IP mode file for STMicroelectronics.X-CUBE-ISPU.2.0.0
2024-03-19 11:37:01,499 [WARN] PackLoader:240 - Cannot read IP mode file for STMicroelectronics.X-CUBE-MEMS1.10.0.0
2024-03-19 11:37:01,833 [WARN] PackLoader:240 - Cannot read IP mode file for STMicroelectronics.X-CUBE-FREERTOS.1.1.0
2024-03-19 11:37:01,883 [WARN] PackLoader:240 - Cannot read IP mode file for STMicroelectronics.X-CUBE-AZRTOS-F7.1.0.0
2024-03-19 11:37:01,921 [WARN] PackLoader:240 - Cannot read IP mode file for STMicroelectronics.X-CUBE-AZRTOS-WL.1.0.0
2024-03-19 11:37:02,006 [WARN] PackLoader:240 - Cannot read IP mode file for STMicroelectronics.X-CUBE-MEMS1.9.1.0
2024-03-19 11:37:02,292 [WARN] PackLoader:240 - Cannot read IP mode file for STMicroelectronics.X-CUBE-ALS.1.0.1
2024-03-19 11:37:02,517 [INFO] WebApp:161 - Instantiating new browser for Auth
2024-03-19 11:37:02,544 [WARN] PackLoader:240 - Cannot read IP mode file for STMicroelectronics.X-CUBE-AZRTOS-WB.1.1.0
2024-03-19 11:37:02,677 [WARN] PackLoader:240 - Cannot read IP mode file for STMicroelectronics.X-CUBE-AZRTOS-L5.1.0.0
2024-03-19 11:37:02,736 [WARN] PackLoader:240 - Cannot read IP mode file for STMicroelectronics.X-CUBE-EEPRMA1.3.1.0
2024-03-19 11:37:02,815 [WARN] PackLoader:240 - Cannot read IP mode file for STMicroelectronics.X-CUBE-GNSS1.5.2.0
2024-03-19 11:37:02,881 [WARN] PackLoader:240 - Cannot read IP mode file for STMicroelectronics.FP-ATR-ASTRA1.2.0.0
2024-03-19 11:37:02,952 [WARN] PackLoader:240 - Cannot read IP mode file for STMicroelectronics.X-CUBE-TOF1.3.4.0
2024-03-19 11:37:02,999 [WARN] PackLoader:240 - Cannot read IP mode file for STMicroelectronics.X-CUBE-TOF1.3.4.1
2024-03-19 11:37:03,067 [WARN] PackLoader:240 - Cannot read IP mode file for STMicroelectronics.X-CUBE-AZRTOS-H7.3.2.0
2024-03-19 11:37:03,073 [INFO] ThirdParty:978 - Integrity check success = true
2024-03-19 11:37:03,073 [INFO] IntegrityCheckThread:100 - exiting critical section [integrity check]
2024-03-19 11:37:03,073 [INFO] IntegrityCheckThread:103 - End integrity checks thread
2024-03-19 11:37:04,617 [INFO] WebApp:780 - Register for checkConnection events
2024-03-19 11:37:04,618 [INFO] WebApp:414 - Apply proxy settings
2024-03-19 11:37:04,618 [INFO] WebApp:499 - Chromium requires no authentication
2024-03-19 11:37:04,631 [INFO] WebApp:442 - Direct internet connection detected
2024-03-19 11:37:04,908 [INFO] WebApp:192 - Starting web application
2024-03-19 11:37:04,908 [INFO] WebApp:544 - Web application path used C:\ST\STM32CubeIDE_1.14.1\STM32CubeIDE\plugins\com.st.stm32cube.common.mx_6.10.0.202311202037\db\plugins\mcufinder\reactClient1\index.html
2024-03-19 11:37:26,383 [ERROR] LogOutputStream:75 - [STDERR_REDIRECT] SLF4J: Failed to load class "org.slf4j.impl.StaticLoggerBinder".
2024-03-19 11:37:26,385 [ERROR] LogOutputStream:75 - [STDERR_REDIRECT] SLF4J: Defaulting to no-operation (NOP) logger implementation
2024-03-19 11:37:26,387 [ERROR] LogOutputStream:75 - [STDERR_REDIRECT] SLF4J: See http://www.slf4j.org/codes.html#StaticLoggerBinder for further details.
