2024-03-13 17:44:49,147 [INFO] Activator:176 - 


2024-03-13 17:44:49,160 [INFO] Activator:177 - !SESSION log4j initialized
2024-03-13 17:45:18,352 [INFO] LogOutputStream:77 - [STDOUT_REDIRECT] 
2024-03-13 17:45:28,932 [INFO] ApplicationProperties:184 - Using Application install path: C:\ST\STM32CubeIDE_1.14.1\STM32CubeIDE\plugins\com.st.stm32cube.common.mx_6.10.0.202311202037
2024-03-13 17:45:28,982 [INFO] DbMcusXml:78 - Set database path to: C:\ST\STM32CubeIDE_1.14.1\STM32CubeIDE\plugins\com.st.stm32cube.common.mx_6.10.0.202311202037\\db\/mcu/
2024-03-13 17:45:28,983 [INFO] ApiDb:274 - Set plugin database path to: C:\ST\STM32CubeIDE_1.14.1\STM32CubeIDE\plugins\com.st.stm32cube.common.mx_6.10.0.202311202037\\db\/plugins/boardmanager/
2024-03-13 17:45:28,984 [WARN] ApiDb:259 - Overriding images path with different value:  => C:\ST\STM32CubeIDE_1.14.1\STM32CubeIDE\plugins\com.st.stm32cube.common.mx_6.10.0.202311202037\\db\/plugins/mcufinder/images/
2024-03-13 17:45:29,009 [INFO] ApiDb:250 - Set database path to: C:\Users\A\.stmcufinder\plugins\mcufinder//mcu/
2024-03-13 17:45:29,012 [INFO] DbMcusAds:125 - Set database path to: C:\Users\A\.stmcufinder\plugins\mcufinder//mcu/
2024-03-13 17:45:29,016 [INFO] CrossReferenceDbSqlite:203 - Set database path to: C:\Users\A\.stmcufinder\plugins\mcufinder//mcu/cs/
2024-03-13 17:45:29,347 [INFO] RulesReader:64 - Compatibility file has been processed (297 Rules)
2024-03-13 17:45:29,578 [INFO] DbMcusXml:78 - Set database path to: C:\ST\STM32CubeIDE_1.14.1\STM32CubeIDE\plugins\com.st.stm32cube.common.mx_6.10.0.202311202037\\db\/mcu/
2024-03-13 17:45:29,578 [INFO] ApiDb:274 - Set plugin database path to: C:\ST\STM32CubeIDE_1.14.1\STM32CubeIDE\plugins\com.st.stm32cube.common.mx_6.10.0.202311202037\\db\/plugins/boardmanager/
2024-03-13 17:45:29,579 [INFO] ApiDb:261 - Set plugin images path to: C:\ST\STM32CubeIDE_1.14.1\STM32CubeIDE\plugins\com.st.stm32cube.common.mx_6.10.0.202311202037\\db\/plugins/mcufinder/images/
2024-03-13 17:45:29,579 [WARN] DbFile:41 - Overriding database path with different value: C:\Users\A\.stmcufinder\plugins\mcufinder/ => C:\Users\A\.stmcufinder\plugins\mcufinder
2024-03-13 17:45:29,580 [INFO] ApiDb:250 - Set database path to: C:\Users\A\.stmcufinder\plugins\mcufinder//mcu/
2024-03-13 17:45:29,580 [WARN] DbFile:41 - Overriding database path with different value: C:\Users\A\.stmcufinder\plugins\mcufinder/ => C:\Users\A\.stmcufinder\plugins\mcufinder
2024-03-13 17:45:29,581 [INFO] DbMcusAds:125 - Set database path to: C:\Users\A\.stmcufinder\plugins\mcufinder//mcu/
2024-03-13 17:45:29,581 [WARN] DbFile:41 - Overriding database path with different value: C:\Users\A\.stmcufinder\plugins\mcufinder/ => C:\Users\A\.stmcufinder\plugins\mcufinder
2024-03-13 17:45:29,581 [WARN] DbFile:41 - Overriding database path with different value: C:\Users\A\.stmcufinder\plugins\mcufinder/ => C:\Users\A\.stmcufinder\plugins\mcufinder
2024-03-13 17:45:29,872 [INFO] CrossReferenceDbSqlite:203 - Set database path to: C:\Users\A\.stmcufinder\plugins\mcufinder//mcu/cs/
2024-03-13 17:45:30,123 [INFO] MainPanel:264 - HeapMemory: 268435456
2024-03-13 17:45:30,426 [INFO] DbMcusXml:78 - Set database path to: C:\ST\STM32CubeIDE_1.14.1\STM32CubeIDE\plugins\com.st.stm32cube.common.mx_6.10.0.202311202037\\db\/mcu/
2024-03-13 17:45:30,426 [INFO] ApiDb:274 - Set plugin database path to: C:\ST\STM32CubeIDE_1.14.1\STM32CubeIDE\plugins\com.st.stm32cube.common.mx_6.10.0.202311202037\\db\/plugins/boardmanager/
2024-03-13 17:45:30,426 [INFO] ApiDb:261 - Set plugin images path to: C:\ST\STM32CubeIDE_1.14.1\STM32CubeIDE\plugins\com.st.stm32cube.common.mx_6.10.0.202311202037\\db\/plugins/mcufinder/images/
2024-03-13 17:45:30,427 [WARN] DbFile:41 - Overriding database path with different value: C:\Users\A\.stmcufinder\plugins\mcufinder/ => C:\Users\A\.stmcufinder\plugins\mcufinder
2024-03-13 17:45:30,427 [INFO] ApiDb:250 - Set database path to: C:\Users\A\.stmcufinder\plugins\mcufinder//mcu/
2024-03-13 17:45:30,428 [WARN] DbFile:41 - Overriding database path with different value: C:\Users\A\.stmcufinder\plugins\mcufinder/ => C:\Users\A\.stmcufinder\plugins\mcufinder
2024-03-13 17:45:30,429 [INFO] DbMcusAds:125 - Set database path to: C:\Users\A\.stmcufinder\plugins\mcufinder//mcu/
2024-03-13 17:45:30,429 [WARN] DbFile:41 - Overriding database path with different value: C:\Users\A\.stmcufinder\plugins\mcufinder/ => C:\Users\A\.stmcufinder\plugins\mcufinder
2024-03-13 17:45:30,429 [WARN] DbFile:41 - Overriding database path with different value: C:\Users\A\.stmcufinder\plugins\mcufinder/ => C:\Users\A\.stmcufinder\plugins\mcufinder
2024-03-13 17:45:30,429 [INFO] CrossReferenceDbSqlite:203 - Set database path to: C:\Users\A\.stmcufinder\plugins\mcufinder//mcu/cs/
2024-03-13 17:45:30,549 [INFO] ApplicationProperties:184 - Using Application install path: C:\ST\STM32CubeIDE_1.14.1\STM32CubeIDE\plugins\com.st.stm32cube.common.mx_6.10.0.202311202037
2024-03-13 17:45:30,553 [INFO] PluginManage:196 - Search for loadable plugins [exclusion list=, ]
2024-03-13 17:45:30,558 [INFO] PluginManage:310 - Check plugin analytics
2024-03-13 17:45:35,977 [INFO] AnalyticsPlugin:253 - Accepted Software Licenses: 
2024-03-13 17:45:35,978 [INFO] AnalyticsPlugin:255 - Accepted CMSIS Pack Licenses: 
2024-03-13 17:45:35,978 [INFO] AnalyticsPlugin:257 - Accepted Firmware Licenses: 
2024-03-13 17:45:35,979 [INFO] PluginManage:359 - Loaded plugin analytics (category:tool,tabindex:-1)
2024-03-13 17:45:35,980 [INFO] PluginManage:310 - Check plugin cadmodel
2024-03-13 17:45:36,121 [INFO] CADModel:105 - Init CAD model plugin
2024-03-13 17:45:36,122 [INFO] PluginManage:359 - Loaded plugin cadmodel (category:power,tabindex:5)
2024-03-13 17:45:36,122 [INFO] PluginManage:310 - Check plugin clock
2024-03-13 17:45:36,179 [INFO] PluginManage:359 - Loaded plugin clock (category:base,tabindex:2)
2024-03-13 17:45:36,180 [INFO] PluginManage:310 - Check plugin ddr
2024-03-13 17:45:36,184 [INFO] PluginManage:359 - Loaded plugin ddr (category:tool,tabindex:6)
2024-03-13 17:45:36,185 [INFO] PluginManage:310 - Check plugin filemanager
2024-03-13 17:45:36,733 [INFO] PluginManage:359 - Loaded plugin filemanager (category:base,tabindex:10)
2024-03-13 17:45:36,733 [INFO] PluginManage:310 - Check plugin ipmanager
2024-03-13 17:45:36,749 [INFO] PluginManage:359 - Loaded plugin ipmanager (category:base,tabindex:5)
2024-03-13 17:45:36,750 [INFO] PluginManage:310 - Check plugin lpbam
2024-03-13 17:45:36,787 [INFO] PluginManage:359 - Loaded plugin lpbam (category:base,tabindex:0)
2024-03-13 17:45:36,788 [INFO] PluginManage:310 - Check plugin memorymap
2024-03-13 17:45:36,842 [INFO] PluginManage:359 - Loaded plugin memorymap (category:base,tabindex:4)
2024-03-13 17:45:36,843 [INFO] PluginManage:310 - Check plugin pinoutandconfiguration
2024-03-13 17:45:36,883 [INFO] PluginManage:359 - Loaded plugin pinoutandconfiguration (category:base,tabindex:1)
2024-03-13 17:45:36,884 [INFO] PluginManage:310 - Check plugin pinoutconfig
2024-03-13 17:45:37,159 [WARN] SupportedApi:132 - Cannot load RTOS API schema: s4s-elt-must-match.1: The content of 'definitions' must match (annotation?, (simpleType | complexType)?, (unique | key | keyref)*)). A problem was found starting at: attribute.
2024-03-13 17:45:37,491 [INFO] PluginManage:359 - Loaded plugin pinoutconfig (category:base,tabindex:0)
2024-03-13 17:45:37,491 [INFO] PluginManage:310 - Check plugin power
2024-03-13 17:45:37,535 [INFO] PluginManage:359 - Loaded plugin power (category:power,tabindex:4)
2024-03-13 17:45:37,535 [INFO] PluginManage:310 - Check plugin projectmanager
2024-03-13 17:45:37,576 [INFO] PluginManage:359 - Loaded plugin projectmanager (category:projectmanager,tabindex:3)
2024-03-13 17:45:37,577 [INFO] PluginManage:310 - Check plugin thirdparty
2024-03-13 17:45:38,765 [INFO] PluginManage:359 - Loaded plugin thirdparty (category:base,tabindex:-1)
2024-03-13 17:45:38,766 [INFO] PluginManage:310 - Check plugin tools
2024-03-13 17:45:38,787 [WARN] IntegrityCheckThread:84 - waiting for thirdparty lock release [integrity check]
2024-03-13 17:45:38,803 [INFO] IntegrityCheckThread:86 - entering critical section [integrity check]
2024-03-13 17:45:38,810 [INFO] ThirdPartyUpdaterWithRetryManager:70 - Updater plugin not ready yet. [1/15]
2024-03-13 17:45:38,942 [INFO] PluginManage:359 - Loaded plugin tools (category:base,tabindex:7)
2024-03-13 17:45:38,942 [INFO] PluginManage:310 - Check plugin tutovideos
2024-03-13 17:45:39,733 [INFO] PluginManage:359 - Loaded plugin tutovideos (category:base,tabindex:-1)
2024-03-13 17:45:39,733 [INFO] PluginManage:310 - Check plugin updater
2024-03-13 17:45:39,873 [INFO] PluginManage:359 - Loaded plugin updater (category:base,tabindex:12)
2024-03-13 17:45:39,874 [INFO] PluginManage:310 - Check plugin userauth
2024-03-13 17:45:39,885 [INFO] UserAuth:114 - Init User Auth plugin
2024-03-13 17:45:39,885 [INFO] PluginManage:359 - Loaded plugin userauth (category:base,tabindex:14)
2024-03-13 17:45:39,886 [INFO] PluginManage:283 - PluginManage : Loaded plugins [17]
2024-03-13 17:45:40,745 [INFO] PinOutPanel:1499 - setPackage(No Configuration,No Configuration)
2024-03-13 17:45:40,977 [INFO] CADModel:165 - CPN selected for project level
2024-03-13 17:45:40,977 [INFO] CADModel:114 - Register for checkConnection events
2024-03-13 17:45:41,056 [INFO] IPUIPlugin:80 - create IPUIPlugin
2024-03-13 17:45:41,057 [INFO] PluginManager:220 - loadIPPluginJar : add adc
2024-03-13 17:45:41,177 [INFO] IPUIPlugin:80 - create IPUIPlugin
2024-03-13 17:45:41,177 [INFO] PluginManager:220 - loadIPPluginJar : add aes
2024-03-13 17:45:41,292 [INFO] IPUIPlugin:80 - create IPUIPlugin
2024-03-13 17:45:41,292 [INFO] PluginManager:220 - loadIPPluginJar : add can
2024-03-13 17:45:41,342 [INFO] IPUIPlugin:80 - create IPUIPlugin
2024-03-13 17:45:41,343 [INFO] PluginManager:220 - loadIPPluginJar : add comp
2024-03-13 17:45:41,420 [INFO] IPUIPlugin:80 - create IPUIPlugin
2024-03-13 17:45:41,420 [INFO] PluginManager:220 - loadIPPluginJar : add cryp
2024-03-13 17:45:41,491 [INFO] IPUIPlugin:80 - create IPUIPlugin
2024-03-13 17:45:41,492 [INFO] PluginManager:220 - loadIPPluginJar : add dfsdm
2024-03-13 17:45:41,520 [INFO] IPUIPlugin:80 - create IPUIPlugin
2024-03-13 17:45:41,521 [INFO] PluginManager:220 - loadIPPluginJar : add dma
2024-03-13 17:45:41,699 [INFO] IPUIPlugin:80 - create IPUIPlugin
2024-03-13 17:45:41,699 [INFO] PluginManager:220 - loadIPPluginJar : add dma3
2024-03-13 17:45:41,813 [INFO] ThirdPartyUpdaterWithRetryManager:70 - Updater plugin not ready yet. [2/15]
2024-03-13 17:45:41,820 [INFO] IPUIPlugin:80 - create IPUIPlugin
2024-03-13 17:45:41,820 [INFO] PluginManager:220 - loadIPPluginJar : add fatfs
2024-03-13 17:45:42,865 [INFO] IPUIPlugin:80 - create IPUIPlugin
2024-03-13 17:45:42,865 [INFO] PluginManager:220 - loadIPPluginJar : add fmc
2024-03-13 17:45:43,163 [INFO] IPUIPlugin:80 - create IPUIPlugin
2024-03-13 17:45:43,164 [INFO] PluginManager:220 - loadIPPluginJar : add freertos
2024-03-13 17:45:43,253 [INFO] IPUIPlugin:80 - create IPUIPlugin
2024-03-13 17:45:43,254 [INFO] PluginManager:220 - loadIPPluginJar : add genericplugin
2024-03-13 17:45:43,949 [INFO] IPUIPlugin:80 - create IPUIPlugin
2024-03-13 17:45:43,949 [INFO] PluginManager:220 - loadIPPluginJar : add gfxmmu
2024-03-13 17:45:44,815 [INFO] ThirdPartyUpdaterWithRetryManager:70 - Updater plugin not ready yet. [3/15]
2024-03-13 17:45:44,890 [INFO] IPUIPlugin:80 - create IPUIPlugin
2024-03-13 17:45:44,891 [INFO] PluginManager:220 - loadIPPluginJar : add gic
2024-03-13 17:45:44,968 [INFO] IPUIPlugin:80 - create IPUIPlugin
2024-03-13 17:45:44,968 [INFO] PluginManager:220 - loadIPPluginJar : add gpio
2024-03-13 17:45:45,457 [INFO] IPUIPlugin:80 - create IPUIPlugin
2024-03-13 17:45:45,457 [INFO] PluginManager:220 - loadIPPluginJar : add gtzc
2024-03-13 17:45:45,957 [INFO] IPUIPlugin:80 - create IPUIPlugin
2024-03-13 17:45:45,957 [INFO] PluginManager:220 - loadIPPluginJar : add hash
2024-03-13 17:45:46,593 [INFO] IPUIPlugin:80 - create IPUIPlugin
2024-03-13 17:45:46,594 [INFO] PluginManager:220 - loadIPPluginJar : add i2c
2024-03-13 17:45:46,715 [INFO] IPUIPlugin:80 - create IPUIPlugin
2024-03-13 17:45:46,716 [INFO] PluginManager:220 - loadIPPluginJar : add i2s
2024-03-13 17:45:46,847 [INFO] IPUIPlugin:80 - create IPUIPlugin
2024-03-13 17:45:46,848 [INFO] PluginManager:220 - loadIPPluginJar : add i3c
2024-03-13 17:45:47,151 [INFO] IPUIPlugin:80 - create IPUIPlugin
2024-03-13 17:45:47,151 [INFO] PluginManager:220 - loadIPPluginJar : add ipddr
2024-03-13 17:45:47,383 [INFO] IPUIPlugin:80 - create IPUIPlugin
2024-03-13 17:45:47,384 [INFO] PluginManager:220 - loadIPPluginJar : add linkedlist
2024-03-13 17:45:47,478 [INFO] IPUIPlugin:80 - create IPUIPlugin
2024-03-13 17:45:47,478 [INFO] PluginManager:220 - loadIPPluginJar : add lorawan
2024-03-13 17:45:47,645 [INFO] IPUIPlugin:80 - create IPUIPlugin
2024-03-13 17:45:47,645 [INFO] PluginManager:220 - loadIPPluginJar : add ltdc
2024-03-13 17:45:47,682 [INFO] IPUIPlugin:80 - create IPUIPlugin
2024-03-13 17:45:47,682 [INFO] PluginManager:220 - loadIPPluginJar : add mdma
2024-03-13 17:45:47,726 [INFO] IPUIPlugin:80 - create IPUIPlugin
2024-03-13 17:45:47,727 [INFO] PluginManager:220 - loadIPPluginJar : add nvic
2024-03-13 17:45:47,816 [INFO] ThirdPartyUpdaterWithRetryManager:70 - Updater plugin not ready yet. [4/15]
2024-03-13 17:45:47,821 [INFO] IPUIPlugin:80 - create IPUIPlugin
2024-03-13 17:45:47,821 [INFO] PluginManager:220 - loadIPPluginJar : add opamp
2024-03-13 17:45:48,020 [INFO] IPUIPlugin:80 - create IPUIPlugin
2024-03-13 17:45:48,020 [INFO] PluginManager:220 - loadIPPluginJar : add openamp
2024-03-13 17:45:48,126 [INFO] IPUIPlugin:80 - create IPUIPlugin
2024-03-13 17:45:48,126 [INFO] PluginManager:220 - loadIPPluginJar : add pdm2pcm
2024-03-13 17:45:48,158 [INFO] IPUIPlugin:80 - create IPUIPlugin
2024-03-13 17:45:48,163 [INFO] PluginManager:220 - loadIPPluginJar : add plateformsettings
2024-03-13 17:45:48,215 [INFO] IPUIPlugin:80 - create IPUIPlugin
2024-03-13 17:45:48,215 [INFO] PluginManager:220 - loadIPPluginJar : add quadspi
2024-03-13 17:45:48,242 [INFO] IPUIPlugin:80 - create IPUIPlugin
2024-03-13 17:45:48,242 [INFO] PluginManager:220 - loadIPPluginJar : add resmgrutility
2024-03-13 17:45:48,367 [INFO] IPUIPlugin:80 - create IPUIPlugin
2024-03-13 17:45:48,367 [INFO] PluginManager:220 - loadIPPluginJar : add sai
2024-03-13 17:45:48,462 [INFO] IPUIPlugin:80 - create IPUIPlugin
2024-03-13 17:45:48,462 [INFO] PluginManager:220 - loadIPPluginJar : add spi
2024-03-13 17:45:48,633 [INFO] IPUIPlugin:80 - create IPUIPlugin
2024-03-13 17:45:48,633 [INFO] PluginManager:220 - loadIPPluginJar : add stm32_wpan
2024-03-13 17:45:48,689 [INFO] IPUIPlugin:80 - create IPUIPlugin
2024-03-13 17:45:48,689 [INFO] PluginManager:220 - loadIPPluginJar : add tim
2024-03-13 17:45:48,825 [INFO] IPUIPlugin:80 - create IPUIPlugin
2024-03-13 17:45:48,825 [INFO] PluginManager:220 - loadIPPluginJar : add touchsensing
2024-03-13 17:45:48,884 [INFO] IPUIPlugin:80 - create IPUIPlugin
2024-03-13 17:45:48,884 [INFO] PluginManager:220 - loadIPPluginJar : add tracer_emb
2024-03-13 17:45:48,935 [INFO] IPUIPlugin:80 - create IPUIPlugin
2024-03-13 17:45:48,935 [INFO] PluginManager:220 - loadIPPluginJar : add ts
2024-03-13 17:45:48,997 [INFO] IPUIPlugin:80 - create IPUIPlugin
2024-03-13 17:45:48,997 [INFO] PluginManager:220 - loadIPPluginJar : add tsc
2024-03-13 17:45:49,049 [INFO] IPUIPlugin:80 - create IPUIPlugin
2024-03-13 17:45:49,050 [INFO] PluginManager:220 - loadIPPluginJar : add ucpd
2024-03-13 17:45:49,155 [INFO] IPUIPlugin:80 - create IPUIPlugin
2024-03-13 17:45:49,156 [INFO] PluginManager:220 - loadIPPluginJar : add usart
2024-03-13 17:45:49,264 [INFO] IPUIPlugin:80 - create IPUIPlugin
2024-03-13 17:45:49,264 [INFO] PluginManager:220 - loadIPPluginJar : add usbx
2024-03-13 17:45:49,507 [INFO] CADModel:165 - CPN selected for project level
2024-03-13 17:45:49,507 [INFO] CADModel:114 - Register for checkConnection events
2024-03-13 17:45:49,507 [FATAL] Updater:308 - Updater called before beeing initialized
2024-03-13 17:45:49,508 [ERROR] CADModel:125 - Updater not yet initialized, retry later 
2024-03-13 17:45:49,894 [INFO] CADModel:165 - CPN selected for project level
2024-03-13 17:45:49,895 [INFO] CADModel:114 - Register for checkConnection events
2024-03-13 17:45:49,895 [FATAL] Updater:308 - Updater called before beeing initialized
2024-03-13 17:45:49,895 [ERROR] CADModel:125 - Updater not yet initialized, retry later 
2024-03-13 17:45:49,901 [FATAL] Updater:308 - Updater called before beeing initialized
2024-03-13 17:45:50,182 [FATAL] Updater:308 - Updater called before beeing initialized
2024-03-13 17:45:50,206 [INFO] DbMcusAds:53 - JSON generation date=Wed Nov 29 11:52:27 CET 2023 (1701255147349)
2024-03-13 17:45:50,206 [FATAL] Updater:308 - Updater called before beeing initialized
2024-03-13 17:45:50,402 [WARN] DetailPanel:346 - Failed to get advertising image, set to default
2024-03-13 17:45:50,643 [FATAL] Updater:308 - Updater called before beeing initialized
2024-03-13 17:45:50,648 [FATAL] Updater:308 - Updater called before beeing initialized
2024-03-13 17:45:50,648 [FATAL] Updater:308 - Updater called before beeing initialized
2024-03-13 17:45:50,648 [WARN] DetailPanel:346 - Failed to get advertising image, set to default
2024-03-13 17:45:50,650 [FATAL] Updater:308 - Updater called before beeing initialized
2024-03-13 17:45:50,817 [INFO] ThirdPartyUpdaterWithRetryManager:70 - Updater plugin not ready yet. [5/15]
2024-03-13 17:45:50,918 [ERROR] Updater:1120 - MainUpdater not yet initialized. External WinMGr cannot be set.
2024-03-13 17:45:50,942 [INFO] Updater:1056 - Updater Version found : 6.10.0
2024-03-13 17:45:50,980 [INFO] ApplicationProperties:184 - Using Application install path: C:\ST\STM32CubeIDE_1.14.1\STM32CubeIDE\plugins\com.st.stm32cube.common.mx_6.10.0.202311202037
2024-03-13 17:45:52,666 [ERROR] LogOutputStream:75 - [STDERR_REDIRECT] Mar 13, 2024 5:45:52 PM java.util.prefs.WindowsPreferences <init>
2024-03-13 17:45:52,685 [ERROR] LogOutputStream:75 - [STDERR_REDIRECT] WARNING: Could not open/create prefs root node Software\JavaSoft\Prefs at root 0xffffffff80000002. Windows RegCreateKeyEx(...) returned error code 5.
2024-03-13 17:45:52,687 [ERROR] LogOutputStream:75 - [STDERR_REDIRECT] 
2024-03-13 17:45:53,819 [FATAL] Updater:308 - Updater called before beeing initialized
2024-03-13 17:45:53,820 [ERROR] IntegrityCheckThread:130 - Cannot retrieve database content from updater: error 21
2024-03-13 17:45:53,820 [INFO] ThirdParty:978 - Integrity check success = false
2024-03-13 17:45:53,820 [INFO] IntegrityCheckThread:100 - exiting critical section [integrity check]
2024-03-13 17:45:53,821 [INFO] IntegrityCheckThread:103 - End integrity checks thread
2024-03-13 17:45:53,967 [INFO] MainUpdater:2873 - connection check result : 10
2024-03-13 17:45:53,967 [INFO] MainUpdater:3567 - Updater definition file requires update
2024-03-13 17:45:53,970 [INFO] MainUpdater:290 - Updater Check For Update Now.
2024-03-13 17:45:53,970 [INFO] MicroXplorer:498 - Change Database Version : DB.6.0.100
2024-03-13 17:45:54,062 [INFO] McuFinderGlobals:63 - Set McuFinder mode to 2 (CubeIDE integrated)
2024-03-13 17:45:54,063 [INFO] UserAuth:180 - activating auth plugin
2024-03-13 17:45:54,068 [INFO] UserAuth:404 - Internet connection configuration mode: 1
2024-03-13 17:45:54,112 [INFO] JxBrowserEngine:152 - Initiate JxBrowser Engine with user profile folder
2024-03-13 17:45:54,244 [INFO] ServerAccessManage:473 - Download File updaters.zip
2024-03-13 17:45:54,813 [INFO] FileExtend:240 - Unzip File : updaters.zip
2024-03-13 17:45:54,826 [INFO] FileExtend:255 - Standard Zip Deflate
2024-03-13 17:45:57,316 [INFO] ServerAccessManage:473 - Download File PacksControlFlags.xml
2024-03-13 17:45:57,785 [INFO] ServerAccessManage:473 - Download File cubemx.pidx
2024-03-13 17:45:58,035 [INFO] LoadServerUpdatesThread:375 - End of LoadServerUpdate Thread
2024-03-13 17:45:58,527 [INFO] CheckServerUpdateThread:120 - End of CheckServer Thread
2024-03-13 17:46:03,526 [INFO] WebApp:161 - Instantiating new browser for Auth
2024-03-13 17:46:07,536 [INFO] WebApp:780 - Register for checkConnection events
2024-03-13 17:46:07,536 [INFO] WebApp:414 - Apply proxy settings
2024-03-13 17:46:07,537 [INFO] WebApp:499 - Chromium requires no authentication
2024-03-13 17:46:07,554 [INFO] WebApp:442 - Direct internet connection detected
2024-03-13 17:46:08,660 [INFO] WebApp:192 - Starting web application
2024-03-13 17:46:08,662 [INFO] WebApp:544 - Web application path used C:\ST\STM32CubeIDE_1.14.1\STM32CubeIDE\plugins\com.st.stm32cube.common.mx_6.10.0.202311202037\db\plugins\mcufinder\reactClient1\index.html
2024-03-13 17:46:31,384 [ERROR] LogOutputStream:75 - [STDERR_REDIRECT] SLF4J: Failed to load class "org.slf4j.impl.StaticLoggerBinder".
2024-03-13 17:46:31,387 [ERROR] LogOutputStream:75 - [STDERR_REDIRECT] SLF4J: Defaulting to no-operation (NOP) logger implementation
2024-03-13 17:46:31,391 [ERROR] LogOutputStream:75 - [STDERR_REDIRECT] SLF4J: See http://www.slf4j.org/codes.html#StaticLoggerBinder for further details.
2024-03-13 18:10:12,790 [ERROR] LogOutputStream:75 - [STDERR_REDIRECT] 
2024-03-13 18:10:12,791 [ERROR] LogOutputStream:75 - [STDERR_REDIRECT] 
